<?xml version="1.0" encoding="UTF-8"?>
<testsuite xmlns:xsi="http://www.w3.org/2001/XMLSchema-instance" xsi:noNamespaceSchemaLocation="https://maven.apache.org/surefire/maven-surefire-plugin/xsd/surefire-test-report-3.0.xsd" version="3.0" name="com.mycompany.sapo_leyendo.controller.DashboardControllerTest" time="5.494" tests="3" errors="0" skipped="0" failures="0">
  <properties>
[...]
</properties>
  <testcase name="testGetShipments" classname="com.mycompany.sapo_leyendo.controller.DashboardControllerTest" time="0.564">
    <system-out><![CDATA[22:09:25.194 [main] INFO org.springframework.test.context.support.AnnotationConfigContextLoaderUtils -- Could not detect default configuration classes for test class [com.mycompany.sapo_leyendo.controller.DashboardControllerTest]: DashboardControllerTest does not declare any static, non-private, non-final, nested classes annotated with @Configuration.
22:09:25.300 [main] INFO org.springframework.boot.test.context.SpringBootTestContextBootstrapper -- Found @SpringBootConfiguration com.mycompany.sapo_leyendo.SapoApplication for test class com.mycompany.sapo_leyendo.controller.DashboardControllerTest

  .   ____          _            __ _ _
 /\\ / ___'_ __ _ _(_)_ __  __ _ \ \ \ \
( ( )\___ | '_ | '_| | '_ \/ _` | \ \ \ \
 \\/  ___)| |_)| | | | | || (_| |  ) ) ) )
  '  |____| .__|_| |_|_| |_\__, | / / / /
 =========|_|==============|___/=/_/_/_/
 :: Spring Boot ::                (v3.2.3)

2025-12-13T22:09:25.650+01:00  INFO 33700 --- [sapo_leyendo] [           main] c.m.s.c.DashboardControllerTest          : Starting DashboardControllerTest using Java 21.0.7 with PID 33700 (started by j0now in C:\Users\j0now\Studio\Sapo_leyendo)
2025-12-13T22:09:25.651+01:00  INFO 33700 --- [sapo_leyendo] [           main] c.m.s.c.DashboardControllerTest          : The following 1 profile is active: "sqlite"
2025-12-13T22:09:26.166+01:00  INFO 33700 --- [sapo_leyendo] [           main] .s.d.r.c.RepositoryConfigurationDelegate : Bootstrapping Spring Data JPA repositories in DEFAULT mode.
2025-12-13T22:09:26.273+01:00  INFO 33700 --- [sapo_leyendo] [           main] .s.d.r.c.RepositoryConfigurationDelegate : Finished Spring Data repository scanning in 101 ms. Found 38 JPA repository interfaces.
2025-12-13T22:09:26.674+01:00  INFO 33700 --- [sapo_leyendo] [           main] o.hibernate.jpa.internal.util.LogHelper  : HHH000204: Processing PersistenceUnitInfo [name: default]
2025-12-13T22:09:26.727+01:00  INFO 33700 --- [sapo_leyendo] [           main] org.hibernate.Version                    : HHH000412: Hibernate ORM core version 6.4.4.Final
2025-12-13T22:09:26.756+01:00  INFO 33700 --- [sapo_leyendo] [           main] o.h.c.internal.RegionFactoryInitiator    : HHH000026: Second-level cache disabled
2025-12-13T22:09:26.991+01:00  INFO 33700 --- [sapo_leyendo] [           main] o.s.o.j.p.SpringPersistenceUnitInfo      : No LoadTimeWeaver setup: ignoring JPA class transformer
2025-12-13T22:09:27.018+01:00  INFO 33700 --- [sapo_leyendo] [           main] com.zaxxer.hikari.HikariDataSource       : HikariPool-1 - Starting...
2025-12-13T22:09:27.107+01:00  INFO 33700 --- [sapo_leyendo] [           main] com.zaxxer.hikari.pool.HikariPool        : HikariPool-1 - Added connection org.sqlite.jdbc4.JDBC4Connection@455f4483
2025-12-13T22:09:27.110+01:00  INFO 33700 --- [sapo_leyendo] [           main] com.zaxxer.hikari.HikariDataSource       : HikariPool-1 - Start completed.
2025-12-13T22:09:28.187+01:00  INFO 33700 --- [sapo_leyendo] [           main] o.h.e.t.j.p.i.JtaPlatformInitiator       : HHH000489: No JTA platform available (set 'hibernate.transaction.jta.platform' to enable JTA platform integration)
2025-12-13T22:09:28.189+01:00  INFO 33700 --- [sapo_leyendo] [           main] j.LocalContainerEntityManagerFactoryBean : Initialized JPA EntityManagerFactory for persistence unit 'default'
2025-12-13T22:09:28.906+01:00  WARN 33700 --- [sapo_leyendo] [           main] JpaBaseConfiguration$JpaWebConfiguration : spring.jpa.open-in-view is enabled by default. Therefore, database queries may be performed during view rendering. Explicitly configure spring.jpa.open-in-view to disable this warning
2025-12-13T22:09:28.977+01:00  INFO 33700 --- [sapo_leyendo] [           main] o.s.b.a.w.s.WelcomePageHandlerMapping    : Adding welcome page: class path resource [static/index.html]
2025-12-13T22:09:29.144+01:00  INFO 33700 --- [sapo_leyendo] [           main] o.s.s.web.DefaultSecurityFilterChain     : Will secure any request with [org.springframework.security.web.session.DisableEncodeUrlFilter@6d9bcf19, org.springframework.security.web.context.request.async.WebAsyncManagerIntegrationFilter@23b4f0a9, org.springframework.security.web.context.SecurityContextHolderFilter@363751f2, org.springframework.security.web.header.HeaderWriterFilter@640a80aa, org.springframework.web.filter.CorsFilter@108a7fff, org.springframework.security.web.authentication.logout.LogoutFilter@48d6248d, org.springframework.security.web.savedrequest.RequestCacheAwareFilter@6c65c6f0, org.springframework.security.web.servletapi.SecurityContextHolderAwareRequestFilter@1e0bae92, org.springframework.security.web.authentication.AnonymousAuthenticationFilter@56f8ab05, org.springframework.security.web.access.ExceptionTranslationFilter@144caca6, org.springframework.security.web.access.intercept.AuthorizationFilter@30ffc3c0]
2025-12-13T22:09:29.940+01:00  INFO 33700 --- [sapo_leyendo] [           main] o.s.b.t.m.w.SpringBootMockServletContext : Initializing Spring TestDispatcherServlet ''
2025-12-13T22:09:29.940+01:00  INFO 33700 --- [sapo_leyendo] [           main] o.s.t.web.servlet.TestDispatcherServlet  : Initializing Servlet ''
2025-12-13T22:09:29.940+01:00  INFO 33700 --- [sapo_leyendo] [           main] o.s.t.web.servlet.TestDispatcherServlet  : Completed initialization in 0 ms
2025-12-13T22:09:29.955+01:00  INFO 33700 --- [sapo_leyendo] [           main] c.m.s.c.DashboardControllerTest          : Started DashboardControllerTest in 4.537 seconds (process running for 5.328)
2025-12-13T22:09:29.957+01:00  INFO 33700 --- [sapo_leyendo] [           main] c.m.s.config.DatabaseResetRunner         : CLEARDATABASE resolved to '0'.
2025-12-13T22:09:29.958+01:00  INFO 33700 --- [sapo_leyendo] [           main] c.m.s.config.DatabaseResetRunner         : CLEARDATABASE flag is not '1'. Skipping database reset.
Hibernate: 
    select
        s1_0.id_shipment,
        s1_0.id_carrier,
        s1_0.id_outbound_order,
        s1_0.shipped_at,
        s1_0.status,
        s1_0.total_weight_kg,
        s1_0.tracking_number,
        s1_0.id_load 
    from
        Shipments s1_0
Hibernate: 
    select
        oo1_0.id_outbound_order,
        oo1_0.created_at,
        oo1_0.customer_name,
        oo1_0.destination,
        oo1_0.items_count,
        oo1_0.order_date,
        oo1_0.priority,
        oo1_0.reference_number,
        oo1_0.ship_date,
        oo1_0.status,
        oo1_0.total_amount 
    from
        OutboundOrders oo1_0 
    where
        oo1_0.id_outbound_order=?
Hibernate: 
    select
        p1_0.id_shipment,
        p1_0.id_parcel,
        pm1_0.id_packing_material,
        pm1_0.code,
        pm1_0.heightCm,
        pm1_0.lengthCm,
        pm1_0.maxWeightKg,
        pm1_0.tareWeightKg,
        pm1_0.widthCm,
        p1_0.tracking_sub_number,
        p1_0.weight_kg 
    from
        Parcels p1_0 
    left join
        PackingMaterials pm1_0 
            on pm1_0.id_packing_material=p1_0.id_packing_material 
    where
        p1_0.id_shipment=?
]]></system-out>
    <system-err><![CDATA[WARNING: A Java agent has been loaded dynamically (C:\Users\j0now\.m2\repository\net\bytebuddy\byte-buddy-agent\1.14.12\byte-buddy-agent-1.14.12.jar)
WARNING: If a serviceability tool is in use, please run with -XX:+EnableDynamicAgentLoading to hide this warning
WARNING: If a serviceability tool is not in use, please run with -Djdk.instrument.traceUsage for more information
WARNING: Dynamic loading of agents will be disallowed by default in a future release
]]></system-err>
  </testcase>
  <testcase name="testGetInventory" classname="com.mycompany.sapo_leyendo.controller.DashboardControllerTest" time="0.016">
    <system-out><![CDATA[Hibernate: 
    select
        i1_0.id_inventory,
        i1_0.batch_number,
        i1_0.id_location,
        i1_0.lpn,
        i1_0.id_product,
        i1_0.quantity,
        i1_0.received_at,
        i1_0.reorder_level,
        i1_0.status,
        i1_0.id_uom 
    from
        Inventory i1_0
Hibernate: 
    select
        l1_0.id_location,
        l1_0.aisle,
        l1_0.barcode,
        l1_0.bin,
        l1_0.is_active,
        l1_0.level,
        lt1_0.id_location_type,
        lt1_0.height,
        lt1_0.length,
        lt1_0.max_volume,
        lt1_0.max_weight,
        lt1_0.name,
        lt1_0.width,
        l1_0.name,
        l1_0.pick_sequence,
        l1_0.rack,
        l1_0.status,
        z1_0.id_zone,
        z1_0.allow_mixed_sku,
        z1_0.is_secure,
        z1_0.is_temperature_controlled,
        z1_0.name 
    from
        Locations l1_0 
    left join
        LocationTypes lt1_0 
            on lt1_0.id_location_type=l1_0.id_location_type 
    left join
        Zones z1_0 
            on z1_0.id_zone=l1_0.id_zone 
    where
        l1_0.id_location=?
Hibernate: 
    select
        p1_0.id_product,
        p1_0.id_category,
        p1_0.description,
        p1_0.height_cm,
        p1_0.id_base_uom,
        p1_0.length_cm,
        p1_0.min_stock_level,
        p1_0.name,
        p1_0.sku,
        p1_0.unit_price,
        p1_0.weight_kg,
        p1_0.width_cm 
    from
        Products p1_0 
    where
        p1_0.id_product=?
Hibernate: 
    select
        uom1_0.id_uom,
        uom1_0.code,
        uom1_0.name 
    from
        UnitOfMeasure uom1_0 
    where
        uom1_0.id_uom=?
Hibernate: 
    select
        p1_0.id_product,
        p1_0.id_category,
        p1_0.description,
        p1_0.height_cm,
        p1_0.id_base_uom,
        p1_0.length_cm,
        p1_0.min_stock_level,
        p1_0.name,
        p1_0.sku,
        p1_0.unit_price,
        p1_0.weight_kg,
        p1_0.width_cm 
    from
        Products p1_0 
    where
        p1_0.id_product=?
Hibernate: 
    select
        l1_0.id_location,
        l1_0.aisle,
        l1_0.barcode,
        l1_0.bin,
        l1_0.is_active,
        l1_0.level,
        lt1_0.id_location_type,
        lt1_0.height,
        lt1_0.length,
        lt1_0.max_volume,
        lt1_0.max_weight,
        lt1_0.name,
        lt1_0.width,
        l1_0.name,
        l1_0.pick_sequence,
        l1_0.rack,
        l1_0.status,
        z1_0.id_zone,
        z1_0.allow_mixed_sku,
        z1_0.is_secure,
        z1_0.is_temperature_controlled,
        z1_0.name 
    from
        Locations l1_0 
    left join
        LocationTypes lt1_0 
            on lt1_0.id_location_type=l1_0.id_location_type 
    left join
        Zones z1_0 
            on z1_0.id_zone=l1_0.id_zone 
    where
        l1_0.id_location=?
Hibernate: 
    select
        p1_0.id_product,
        p1_0.id_category,
        p1_0.description,
        p1_0.height_cm,
        p1_0.id_base_uom,
        p1_0.length_cm,
        p1_0.min_stock_level,
        p1_0.name,
        p1_0.sku,
        p1_0.unit_price,
        p1_0.weight_kg,
        p1_0.width_cm 
    from
        Products p1_0 
    where
        p1_0.id_product=?
Hibernate: 
    select
        l1_0.id_location,
        l1_0.aisle,
        l1_0.barcode,
        l1_0.bin,
        l1_0.is_active,
        l1_0.level,
        lt1_0.id_location_type,
        lt1_0.height,
        lt1_0.length,
        lt1_0.max_volume,
        lt1_0.max_weight,
        lt1_0.name,
        lt1_0.width,
        l1_0.name,
        l1_0.pick_sequence,
        l1_0.rack,
        l1_0.status,
        z1_0.id_zone,
        z1_0.allow_mixed_sku,
        z1_0.is_secure,
        z1_0.is_temperature_controlled,
        z1_0.name 
    from
        Locations l1_0 
    left join
        LocationTypes lt1_0 
            on lt1_0.id_location_type=l1_0.id_location_type 
    left join
        Zones z1_0 
            on z1_0.id_zone=l1_0.id_zone 
    where
        l1_0.id_location=?
Hibernate: 
    select
        p1_0.id_product,
        p1_0.id_category,
        p1_0.description,
        p1_0.height_cm,
        p1_0.id_base_uom,
        p1_0.length_cm,
        p1_0.min_stock_level,
        p1_0.name,
        p1_0.sku,
        p1_0.unit_price,
        p1_0.weight_kg,
        p1_0.width_cm 
    from
        Products p1_0 
    where
        p1_0.id_product=?
]]></system-out>
  </testcase>
  <testcase name="testGetOrders" classname="com.mycompany.sapo_leyendo.controller.DashboardControllerTest" time="0.011">
    <system-out><![CDATA[Hibernate: 
    select
        oo1_0.id_outbound_order,
        oo1_0.created_at,
        oo1_0.customer_name,
        oo1_0.destination,
        oo1_0.items_count,
        oo1_0.order_date,
        oo1_0.priority,
        oo1_0.reference_number,
        oo1_0.ship_date,
        oo1_0.status,
        oo1_0.total_amount 
    from
        OutboundOrders oo1_0
Hibernate: 
    select
        i1_0.id_outbound_order,
        i1_0.id_outbound_order_item,
        i1_0.line_total,
        i1_0.location_code,
        i1_0.id_product,
        p1_0.id_product,
        p1_0.id_category,
        p1_0.description,
        p1_0.height_cm,
        p1_0.id_base_uom,
        p1_0.length_cm,
        p1_0.min_stock_level,
        p1_0.name,
        p1_0.sku,
        p1_0.unit_price,
        p1_0.weight_kg,
        p1_0.width_cm,
        i1_0.product_name,
        i1_0.quantity_ordered,
        i1_0.quantity_picked,
        i1_0.quantity_shipped,
        i1_0.sku,
        i1_0.status,
        i1_0.unit_price 
    from
        OutboundOrderItems i1_0 
    left join
        Products p1_0 
            on p1_0.id_product=i1_0.id_product 
    where
        i1_0.id_outbound_order=?
Hibernate: 
    select
        i1_0.id_outbound_order,
        i1_0.id_outbound_order_item,
        i1_0.line_total,
        i1_0.location_code,
        i1_0.id_product,
        p1_0.id_product,
        p1_0.id_category,
        p1_0.description,
        p1_0.height_cm,
        p1_0.id_base_uom,
        p1_0.length_cm,
        p1_0.min_stock_level,
        p1_0.name,
        p1_0.sku,
        p1_0.unit_price,
        p1_0.weight_kg,
        p1_0.width_cm,
        i1_0.product_name,
        i1_0.quantity_ordered,
        i1_0.quantity_picked,
        i1_0.quantity_shipped,
        i1_0.sku,
        i1_0.status,
        i1_0.unit_price 
    from
        OutboundOrderItems i1_0 
    left join
        Products p1_0 
            on p1_0.id_product=i1_0.id_product 
    where
        i1_0.id_outbound_order=?
Hibernate: 
    select
        i1_0.id_outbound_order,
        i1_0.id_outbound_order_item,
        i1_0.line_total,
        i1_0.location_code,
        i1_0.id_product,
        p1_0.id_product,
        p1_0.id_category,
        p1_0.description,
        p1_0.height_cm,
        p1_0.id_base_uom,
        p1_0.length_cm,
        p1_0.min_stock_level,
        p1_0.name,
        p1_0.sku,
        p1_0.unit_price,
        p1_0.weight_kg,
        p1_0.width_cm,
        i1_0.product_name,
        i1_0.quantity_ordered,
        i1_0.quantity_picked,
        i1_0.quantity_shipped,
        i1_0.sku,
        i1_0.status,
        i1_0.unit_price 
    from
        OutboundOrderItems i1_0 
    left join
        Products p1_0 
            on p1_0.id_product=i1_0.id_product 
    where
        i1_0.id_outbound_order=?
]]></system-out>
  </testcase>
</testsuite>