<?xml version="1.0" encoding="UTF-8"?>
<testsuite xmlns:xsi="http://www.w3.org/2001/XMLSchema-instance" xsi:noNamespaceSchemaLocation="https://maven.apache.org/surefire/maven-surefire-plugin/xsd/surefire-test-report-3.0.xsd" version="3.0" name="com.mycompany.sapo_leyendo.SapoApplicationTests" time="5.057" tests="2" errors="0" skipped="0" failures="0">
  <properties>
[...]
</properties>
  <testcase name="shouldReturnProducts" classname="com.mycompany.sapo_leyendo.SapoApplicationTests" time="0.608">
    <system-out><![CDATA[22:52:08.814 [main] INFO org.springframework.test.context.support.AnnotationConfigContextLoaderUtils -- Could not detect default configuration classes for test class [com.mycompany.sapo_leyendo.SapoApplicationTests]: SapoApplicationTests does not declare any static, non-private, non-final, nested classes annotated with @Configuration.
22:52:08.897 [main] INFO org.springframework.boot.test.context.SpringBootTestContextBootstrapper -- Found @SpringBootConfiguration com.mycompany.sapo_leyendo.SapoApplication for test class com.mycompany.sapo_leyendo.SapoApplicationTests

  .   ____          _            __ _ _
 /\\ / ___'_ __ _ _(_)_ __  __ _ \ \ \ \
( ( )\___ | '_ | '_| | '_ \/ _` | \ \ \ \
 \\/  ___)| |_)| | | | | || (_| |  ) ) ) )
  '  |____| .__|_| |_|_| |_\__, | / / / /
 =========|_|==============|___/=/_/_/_/
 :: Spring Boot ::                (v3.2.3)

2025-12-07T22:52:09.206+01:00  INFO 58624 --- [sapo_leyendo] [           main] c.m.sapo_leyendo.SapoApplicationTests    : Starting SapoApplicationTests using Java 21.0.7 with PID 58624 (started by j0now in C:\Users\j0now\Studio\Sapo_leyendo)
2025-12-07T22:52:09.208+01:00  INFO 58624 --- [sapo_leyendo] [           main] c.m.sapo_leyendo.SapoApplicationTests    : No active profile set, falling back to 1 default profile: "default"
2025-12-07T22:52:09.729+01:00  INFO 58624 --- [sapo_leyendo] [           main] .s.d.r.c.RepositoryConfigurationDelegate : Bootstrapping Spring Data JPA repositories in DEFAULT mode.
2025-12-07T22:52:09.834+01:00  INFO 58624 --- [sapo_leyendo] [           main] .s.d.r.c.RepositoryConfigurationDelegate : Finished Spring Data repository scanning in 99 ms. Found 36 JPA repository interfaces.
2025-12-07T22:52:10.215+01:00  INFO 58624 --- [sapo_leyendo] [           main] o.hibernate.jpa.internal.util.LogHelper  : HHH000204: Processing PersistenceUnitInfo [name: default]
2025-12-07T22:52:10.278+01:00  INFO 58624 --- [sapo_leyendo] [           main] org.hibernate.Version                    : HHH000412: Hibernate ORM core version 6.4.4.Final
2025-12-07T22:52:10.311+01:00  INFO 58624 --- [sapo_leyendo] [           main] o.h.c.internal.RegionFactoryInitiator    : HHH000026: Second-level cache disabled
2025-12-07T22:52:10.526+01:00  INFO 58624 --- [sapo_leyendo] [           main] o.s.o.j.p.SpringPersistenceUnitInfo      : No LoadTimeWeaver setup: ignoring JPA class transformer
2025-12-07T22:52:10.551+01:00  INFO 58624 --- [sapo_leyendo] [           main] com.zaxxer.hikari.HikariDataSource       : HikariPool-1 - Starting...
2025-12-07T22:52:10.653+01:00  INFO 58624 --- [sapo_leyendo] [           main] com.zaxxer.hikari.pool.HikariPool        : HikariPool-1 - Added connection org.sqlite.jdbc4.JDBC4Connection@1805383
2025-12-07T22:52:10.654+01:00  INFO 58624 --- [sapo_leyendo] [           main] com.zaxxer.hikari.HikariDataSource       : HikariPool-1 - Start completed.
2025-12-07T22:52:11.659+01:00  INFO 58624 --- [sapo_leyendo] [           main] o.h.e.t.j.p.i.JtaPlatformInitiator       : HHH000489: No JTA platform available (set 'hibernate.transaction.jta.platform' to enable JTA platform integration)
Hibernate: 
    create table AuditLogs (
        id_audit integer,
        action varchar(255) not null,
        entity varchar(255) not null,
        new_value TEXT,
        old_value TEXT,
        timestamp timestamp not null,
        username varchar(255),
        primary key (id_audit)
    )
Hibernate: 
    create table Carriers (
        id_carrier integer,
        cutoff_time time(6),
        integration_type varchar(255) check (integration_type in ('API','FTP','EMAIL')),
        name varchar(255) not null unique,
        service_type varchar(255),
        tracking_url_template varchar(255),
        primary key (id_carrier)
    )
Hibernate: 
    create table DockAppointments (
        id_dock_appointment integer,
        carrier_name varchar(255),
        dock_id integer not null,
        end_time timestamp not null,
        start_time timestamp not null,
        id_inbound_order integer unique,
        primary key (id_dock_appointment)
    )
Hibernate: 
    create table GoodsReceived (
        id_receipt integer,
        asn_reference varchar(255),
        created_at timestamp,
        expected_at timestamp,
        status varchar(255),
        supplier varchar(255),
        primary key (id_receipt)
    )
Hibernate: 
    create table KpiMetrics (
        id_kpi integer,
        dimension varchar(255),
        name varchar(255) not null,
        timestamp timestamp not null,
        value float not null,
        primary key (id_kpi)
    )
Hibernate: 
    create table Manifests (
        id_manifest integer,
        carrier_manifest_id varchar(255),
        generation_date timestamp,
        total_parcels integer,
        total_weight float,
        id_load integer not null unique,
        primary key (id_manifest)
    )
Hibernate: 
    create table NcrPhotos (
        id_ncr integer not null,
        photo_url varchar(255)
    )
Hibernate: 
    create table NonConformanceReports (
        id_ncr integer,
        defect_type varchar(255) check (defect_type in ('CRITICAL','MAJOR','MINOR')),
        description TEXT,
        vendor_response TEXT,
        id_inspection integer not null unique,
        primary key (id_ncr)
    )
Hibernate: 
    create table PackingMaterials (
        id_packing_material integer,
        code varchar(255) not null unique,
        heightCm float,
        lengthCm float,
        maxWeightKg float,
        tareWeightKg float,
        widthCm float,
        primary key (id_packing_material)
    )
Hibernate: 
    create table PackingStations (
        id_packing_station integer,
        name varchar(255),
        printerIp varchar(255),
        scaleIp varchar(255),
        status varchar(255) check (status in ('ACTIVE','CLOSED','MAINTENANCE')),
        primary key (id_packing_station)
    )
Hibernate: 
    create table ParcelItems (
        id_parcel_item integer,
        quantity integer not null,
        id_parcel integer not null,
        id_product integer not null,
        primary key (id_parcel_item)
    )
Hibernate: 
    create table Parcels (
        id_parcel integer,
        tracking_sub_number varchar(255),
        weight_kg float,
        id_packing_material integer,
        id_shipment integer not null,
        primary key (id_parcel)
    )
Hibernate: 
    create table PickLists (
        id_pick_list blob not null,
        assigned_user_id bigint,
        container_lpn varchar(255),
        status varchar(255) check (status in ('PENDING','STARTED','COMPLETED')),
        type varchar(255) check (type in ('BATCH','SINGLE','ZONE')),
        id_wave blob,
        primary key (id_pick_list)
    )
Hibernate: 
    create table PickTasks (
        id_pick_task blob not null,
        quantity_picked integer,
        quantity_to_pick integer,
        sequence integer,
        status varchar(255) check (status in ('OPEN','ASSIGNED','PICKED','SHORT')),
        id_location integer,
        id_outbound_order integer,
        id_pick_list blob,
        id_product integer,
        primary key (id_pick_task)
    )
Hibernate: 
    create table QcInspections (
        id_inspection integer,
        completed_at timestamp,
        created_at timestamp,
        inspector_id integer,
        reference_id integer,
        result varchar(255) check (result in ('PASS','FAIL','CONDITIONAL_PASS')),
        sample_size integer,
        source_type varchar(255) check (source_type in ('INBOUND','RETURN','STOCK')),
        id_product integer not null,
        id_test_plan integer,
        primary key (id_inspection)
    )
Hibernate: 
    create table RefurbishActions (
        id_task integer not null,
        action varchar(255)
    )
Hibernate: 
    create table RefurbishTasks (
        id_task integer,
        status varchar(255) check (status in ('OPEN','IN_PROGRESS','DONE')),
        id_return_item integer not null unique,
        primary key (id_task)
    )
Hibernate: 
    create table ReportDefinitions (
        id_report integer,
        name varchar(255) not null,
        parameters_json varchar(255),
        query_template TEXT,
        required_permission varchar(255),
        visualization_type varchar(255) check (visualization_type in ('TABLE','BAR_CHART','PIE_CHART','HEATMAP','GAUGE')),
        primary key (id_report)
    )
Hibernate: 
    create table ReturnItems (
        id_return_item integer,
        disposition varchar(255) check (disposition in ('RESTOCK','REFURBISH','VENDOR','TRASH')),
        grading_status varchar(255) check (grading_status in ('GRADE_A','GRADE_B','GRADE_C','SCRAP')),
        inspector_comment varchar(255),
        serial_number varchar(255),
        id_product integer not null,
        id_rma integer not null,
        primary key (id_return_item)
    )
Hibernate: 
    create table RmaRequests (
        id_rma integer,
        created_at timestamp,
        customer_reason varchar(255),
        status varchar(255) check (status in ('PENDING','APPROVED','RECEIVED','COMPLETED','REJECTED')),
        tracking_number_in varchar(255),
        id_outbound_order integer not null,
        primary key (id_rma)
    )
Hibernate: 
    create table Shipments (
        id_shipment integer,
        carrier_id integer,
        shipped_at timestamp,
        status varchar(255) check (status in ('PACKING','PACKED','SHIPPED')),
        total_weight_kg float,
        tracking_number varchar(255),
        id_outbound_order integer not null unique,
        id_load integer,
        primary key (id_shipment)
    )
Hibernate: 
    create table StockCountLocations (
        id_stock_count_session blob not null,
        id_location integer not null
    )
Hibernate: 
    create table StockCountSessions (
        id_stock_count_session blob not null,
        status varchar(255) check (status in ('OPEN','COUNTING','REVIEW','CLOSED')),
        type varchar(255) check (type in ('CYCLE','FULL','SPOT')),
        primary key (id_stock_count_session)
    )
Hibernate: 
    create table TestPlans (
        id_test_plan integer,
        aql_level float,
        name varchar(255) not null,
        primary key (id_test_plan)
    )
Hibernate: 
    create table TestPlanSteps (
        id_test_plan integer not null,
        description varchar(255),
        expectedResult varchar(255)
    )
Hibernate: 
    create table TransportLoads (
        id_load integer,
        departure_time timestamp,
        dock_id integer,
        driver_name varchar(255),
        driver_phone varchar(255),
        status varchar(255) check (status in ('PLANNED','LOADING','DISPATCHED','DELIVERED')),
        vehicle_plate_number varchar(255),
        id_carrier integer not null,
        primary key (id_load)
    )
Hibernate: 
    create table Waves (
        id_wave blob not null,
        created_date timestamp,
        cutoff_time timestamp,
        name varchar(255) not null,
        status varchar(255) check (status in ('PLANNED','ALLOCATED','RELEASED','IN_PROGRESS','COMPLETED','CLOSED')),
        primary key (id_wave)
    )
Hibernate: 
    alter table Carriers 
       drop constraint UK_ego1mc0uo7hjt08ots4kyxftl
Hibernate: 
    alter table DockAppointments 
       drop constraint UK_ii32qxue12kfeaq4ht2ntvnwk
Hibernate: 
    alter table Manifests 
       drop constraint UK_pdx5ojf3iqxdu3ch528g6ouv6
Hibernate: 
    alter table NonConformanceReports 
       drop constraint UK_pvmtruvd0m8eyawhu1aisqv0n
Hibernate: 
    alter table PackingMaterials 
       drop constraint UK_1etvc1upbikms4oegi2e6ytwx
Hibernate: 
    alter table RefurbishTasks 
       drop constraint UK_m7pk5i4lgoc42fbe8h130vvwg
Hibernate: 
    alter table Shipments 
       drop constraint UK_ni57g5jgu51qxfb9scduuvp5n
2025-12-07T22:52:11.846+01:00  INFO 58624 --- [sapo_leyendo] [           main] j.LocalContainerEntityManagerFactoryBean : Initialized JPA EntityManagerFactory for persistence unit 'default'
2025-12-07T22:52:12.540+01:00  WARN 58624 --- [sapo_leyendo] [           main] JpaBaseConfiguration$JpaWebConfiguration : spring.jpa.open-in-view is enabled by default. Therefore, database queries may be performed during view rendering. Explicitly configure spring.jpa.open-in-view to disable this warning
2025-12-07T22:52:12.605+01:00  INFO 58624 --- [sapo_leyendo] [           main] o.s.b.a.w.s.WelcomePageHandlerMapping    : Adding welcome page: class path resource [static/index.html]
2025-12-07T22:52:12.767+01:00  INFO 58624 --- [sapo_leyendo] [           main] o.s.s.web.DefaultSecurityFilterChain     : Will secure any request with [org.springframework.security.web.session.DisableEncodeUrlFilter@326320bb, org.springframework.security.web.context.request.async.WebAsyncManagerIntegrationFilter@57573880, org.springframework.security.web.context.SecurityContextHolderFilter@3b303b78, org.springframework.security.web.header.HeaderWriterFilter@210e4678, org.springframework.web.filter.CorsFilter@3d94b49d, org.springframework.security.web.authentication.logout.LogoutFilter@47c06b1a, org.springframework.security.web.savedrequest.RequestCacheAwareFilter@68e8bbab, org.springframework.security.web.servletapi.SecurityContextHolderAwareRequestFilter@5dfaa2f0, org.springframework.security.web.authentication.AnonymousAuthenticationFilter@2fedaa2e, org.springframework.security.web.access.ExceptionTranslationFilter@619944a7, org.springframework.security.web.access.intercept.AuthorizationFilter@25a81f28]
2025-12-07T22:52:13.096+01:00  INFO 58624 --- [sapo_leyendo] [           main] o.s.b.t.m.w.SpringBootMockServletContext : Initializing Spring TestDispatcherServlet ''
2025-12-07T22:52:13.096+01:00  INFO 58624 --- [sapo_leyendo] [           main] o.s.t.web.servlet.TestDispatcherServlet  : Initializing Servlet ''
2025-12-07T22:52:13.097+01:00  INFO 58624 --- [sapo_leyendo] [           main] o.s.t.web.servlet.TestDispatcherServlet  : Completed initialization in 1 ms
2025-12-07T22:52:13.113+01:00  INFO 58624 --- [sapo_leyendo] [           main] c.m.sapo_leyendo.SapoApplicationTests    : Started SapoApplicationTests in 4.1 seconds (process running for 4.842)
Hibernate: 
    insert 
    into
        Products
        (description, height_cm, id_base_uom, id_category, length_cm, name, sku, weight_kg, width_cm) 
    values
        (?, ?, ?, ?, ?, ?, ?, ?, ?)
Hibernate: 
    select
        last_insert_rowid()
Hibernate: 
    select
        p1_0.id_product,
        p1_0.description,
        p1_0.height_cm,
        p1_0.id_base_uom,
        p1_0.id_category,
        p1_0.length_cm,
        p1_0.name,
        p1_0.sku,
        p1_0.weight_kg,
        p1_0.width_cm 
    from
        Products p1_0
]]></system-out>
    <system-err><![CDATA[WARNING: A Java agent has been loaded dynamically (C:\Users\j0now\.m2\repository\net\bytebuddy\byte-buddy-agent\1.14.12\byte-buddy-agent-1.14.12.jar)
WARNING: If a serviceability tool is in use, please run with -XX:+EnableDynamicAgentLoading to hide this warning
WARNING: If a serviceability tool is not in use, please run with -Djdk.instrument.traceUsage for more information
WARNING: Dynamic loading of agents will be disallowed by default in a future release
]]></system-err>
  </testcase>
  <testcase name="contextLoads" classname="com.mycompany.sapo_leyendo.SapoApplicationTests" time="0.005"/>
</testsuite>