<?xml version="1.0" encoding="UTF-8"?>
<testsuite xmlns:xsi="http://www.w3.org/2001/XMLSchema-instance" xsi:noNamespaceSchemaLocation="https://maven.apache.org/surefire/maven-surefire-plugin/xsd/surefire-test-report-3.0.xsd" version="3.0" name="com.mycompany.sapo_leyendo.service.QualityControlServiceTest" time="0.182" tests="2" errors="0" skipped="0" failures="0">
  <properties>
[...]
</properties>
  <testcase name="testCreateInspection" classname="com.mycompany.sapo_leyendo.service.QualityControlServiceTest" time="0.178"/>
  <testcase name="testCalculateSampleSize" classname="com.mycompany.sapo_leyendo.service.QualityControlServiceTest" time="0.002"/>
</testsuite>