<?xml version="1.0" encoding="UTF-8"?>
<testsuite xmlns:xsi="http://www.w3.org/2001/XMLSchema-instance" xsi:noNamespaceSchemaLocation="https://maven.apache.org/surefire/maven-surefire-plugin/xsd/surefire-test-report-3.0.xsd" version="3.0" name="com.mycompany.sapo_leyendo.integration.ProductLifecycleIntegrationTest" time="5.401" tests="24" errors="0" skipped="0" failures="0">
  <properties>
[...]
</properties>
  <testcase name="phase1_createProduct" classname="com.mycompany.sapo_leyendo.integration.ProductLifecycleIntegrationTest" time="0.47">
    <system-out><![CDATA[14:01:34.223 [main] INFO org.springframework.test.context.support.AnnotationConfigContextLoaderUtils -- Could not detect default configuration classes for test class [com.mycompany.sapo_leyendo.integration.ProductLifecycleIntegrationTest]: ProductLifecycleIntegrationTest does not declare any static, non-private, non-final, nested classes annotated with @Configuration.
14:01:34.315 [main] INFO org.springframework.boot.test.context.SpringBootTestContextBootstrapper -- Found @SpringBootConfiguration com.mycompany.sapo_leyendo.SapoApplication for test class com.mycompany.sapo_leyendo.integration.ProductLifecycleIntegrationTest

  .   ____          _            __ _ _
 /\\ / ___'_ __ _ _(_)_ __  __ _ \ \ \ \
( ( )\___ | '_ | '_| | '_ \/ _` | \ \ \ \
 \\/  ___)| |_)| | | | | || (_| |  ) ) ) )
  '  |____| .__|_| |_|_| |_\__, | / / / /
 =========|_|==============|___/=/_/_/_/
 :: Spring Boot ::                (v3.2.3)

2026-01-11T14:01:34.617+01:00  INFO 17940 --- [sapo_leyendo] [           main] c.m.s.i.ProductLifecycleIntegrationTest  : Starting ProductLifecycleIntegrationTest using Java 21.0.7 with PID 17940 (started by j0now in C:\Users\j0now\Studio\Sapo_leyendo)
2026-01-11T14:01:34.618+01:00  INFO 17940 --- [sapo_leyendo] [           main] c.m.s.i.ProductLifecycleIntegrationTest  : The following 1 profile is active: "test"
2026-01-11T14:01:35.117+01:00  INFO 17940 --- [sapo_leyendo] [           main] .s.d.r.c.RepositoryConfigurationDelegate : Bootstrapping Spring Data JPA repositories in DEFAULT mode.
2026-01-11T14:01:35.228+01:00  INFO 17940 --- [sapo_leyendo] [           main] .s.d.r.c.RepositoryConfigurationDelegate : Finished Spring Data repository scanning in 105 ms. Found 40 JPA repository interfaces.
2026-01-11T14:01:35.688+01:00  INFO 17940 --- [sapo_leyendo] [           main] o.s.b.w.embedded.tomcat.TomcatWebServer  : Tomcat initialized with port 0 (http)
2026-01-11T14:01:35.697+01:00  INFO 17940 --- [sapo_leyendo] [           main] o.apache.catalina.core.StandardService   : Starting service [Tomcat]
2026-01-11T14:01:35.697+01:00  INFO 17940 --- [sapo_leyendo] [           main] o.apache.catalina.core.StandardEngine    : Starting Servlet engine: [Apache Tomcat/10.1.19]
2026-01-11T14:01:35.745+01:00  INFO 17940 --- [sapo_leyendo] [           main] o.a.c.c.C.[Tomcat].[localhost].[/]       : Initializing Spring embedded WebApplicationContext
2026-01-11T14:01:35.746+01:00  INFO 17940 --- [sapo_leyendo] [           main] w.s.c.ServletWebServerApplicationContext : Root WebApplicationContext: initialization completed in 1116 ms
2026-01-11T14:01:35.876+01:00  INFO 17940 --- [sapo_leyendo] [           main] o.hibernate.jpa.internal.util.LogHelper  : HHH000204: Processing PersistenceUnitInfo [name: default]
2026-01-11T14:01:35.935+01:00  INFO 17940 --- [sapo_leyendo] [           main] org.hibernate.Version                    : HHH000412: Hibernate ORM core version 6.4.4.Final
2026-01-11T14:01:35.963+01:00  INFO 17940 --- [sapo_leyendo] [           main] o.h.c.internal.RegionFactoryInitiator    : HHH000026: Second-level cache disabled
2026-01-11T14:01:36.170+01:00  INFO 17940 --- [sapo_leyendo] [           main] o.s.o.j.p.SpringPersistenceUnitInfo      : No LoadTimeWeaver setup: ignoring JPA class transformer
2026-01-11T14:01:36.199+01:00  INFO 17940 --- [sapo_leyendo] [           main] com.zaxxer.hikari.HikariDataSource       : HikariPool-1 - Starting...
2026-01-11T14:01:36.306+01:00  INFO 17940 --- [sapo_leyendo] [           main] com.zaxxer.hikari.pool.HikariPool        : HikariPool-1 - Added connection org.sqlite.jdbc4.JDBC4Connection@6533629
2026-01-11T14:01:36.307+01:00  INFO 17940 --- [sapo_leyendo] [           main] com.zaxxer.hikari.HikariDataSource       : HikariPool-1 - Start completed.
2026-01-11T14:01:37.356+01:00  INFO 17940 --- [sapo_leyendo] [           main] o.h.e.t.j.p.i.JtaPlatformInitiator       : HHH000489: No JTA platform available (set 'hibernate.transaction.jta.platform' to enable JTA platform integration)
2026-01-11T14:01:37.382+01:00  INFO 17940 --- [sapo_leyendo] [           main] j.LocalContainerEntityManagerFactoryBean : Initialized JPA EntityManagerFactory for persistence unit 'default'
2026-01-11T14:01:38.081+01:00  WARN 17940 --- [sapo_leyendo] [           main] JpaBaseConfiguration$JpaWebConfiguration : spring.jpa.open-in-view is enabled by default. Therefore, database queries may be performed during view rendering. Explicitly configure spring.jpa.open-in-view to disable this warning
2026-01-11T14:01:38.157+01:00  INFO 17940 --- [sapo_leyendo] [           main] o.s.b.a.w.s.WelcomePageHandlerMapping    : Adding welcome page: class path resource [static/index.html]
2026-01-11T14:01:38.310+01:00  INFO 17940 --- [sapo_leyendo] [           main] o.s.s.web.DefaultSecurityFilterChain     : Will secure any request with [org.springframework.security.web.session.DisableEncodeUrlFilter@59294f29, org.springframework.security.web.context.request.async.WebAsyncManagerIntegrationFilter@795d43d9, org.springframework.security.web.context.SecurityContextHolderFilter@7d6b0636, org.springframework.security.web.header.HeaderWriterFilter@3ebfe048, org.springframework.web.filter.CorsFilter@30c96ea9, org.springframework.security.web.authentication.logout.LogoutFilter@76737130, org.springframework.security.web.savedrequest.RequestCacheAwareFilter@47b4fcd5, org.springframework.security.web.servletapi.SecurityContextHolderAwareRequestFilter@67d6b0a6, org.springframework.security.web.authentication.AnonymousAuthenticationFilter@62a9d176, org.springframework.security.web.access.ExceptionTranslationFilter@8cc5602, org.springframework.security.web.access.intercept.AuthorizationFilter@47cce306]
2026-01-11T14:01:38.450+01:00  INFO 17940 --- [sapo_leyendo] [           main] o.a.c.c.C.[Tomcat].[localhost].[/]       : Initializing Spring TestDispatcherServlet ''
2026-01-11T14:01:38.450+01:00  INFO 17940 --- [sapo_leyendo] [           main] o.s.t.web.servlet.TestDispatcherServlet  : Initializing Servlet ''
2026-01-11T14:01:38.451+01:00  INFO 17940 --- [sapo_leyendo] [           main] o.s.t.web.servlet.TestDispatcherServlet  : Completed initialization in 1 ms
2026-01-11T14:01:38.493+01:00  INFO 17940 --- [sapo_leyendo] [           main] o.s.b.w.embedded.tomcat.TomcatWebServer  : Tomcat started on port 61156 (http) with context path ''
2026-01-11T14:01:38.497+01:00  INFO 17940 --- [sapo_leyendo] [           main] c.m.s.i.ProductLifecycleIntegrationTest  : Started ProductLifecycleIntegrationTest in 4.079 seconds (process running for 4.82)
2026-01-11T14:01:38.500+01:00  INFO 17940 --- [sapo_leyendo] [           main] c.m.s.config.DatabaseResetRunner         : CLEARDATABASE resolved to '0'.
2026-01-11T14:01:38.507+01:00  INFO 17940 --- [sapo_leyendo] [           main] c.m.s.config.DatabaseResetRunner         : 📦 SQLite database is empty. Initializing with schema and seed data...
2026-01-11T14:01:38.529+01:00  INFO 17940 --- [sapo_leyendo] [           main] c.m.s.config.DatabaseResetRunner         : ✅ SQLite schema and seed data loaded successfully.

========================================
  INICJALIZACJA ŚRODOWISKA TESTOWEGO
========================================

✓ Utworzono UOM: 1
✓ Utworzono strefę: 6
✓ Utworzono typy lokalizacji
✓ Utworzono lokalizację DOCK: 16
✓ Utworzono lokalizację SHELF: 17
✓ Utworzono przewoźnika: 6
✓ Utworzono materiał pakowania: 1

✅ Środowisko testowe gotowe!


--- FAZA 1: TWORZENIE PRODUKTU ---
2026-01-11T14:01:39.069+01:00  INFO 17940 --- [sapo_leyendo] [           main] HTTP_LOG                                 : ts=2026-01-11T13:01:39.069307900Z user=admin method=POST path=/api/products query=null status=200 durationMs=53 reqHeaders={Content-Length=218, Content-Type=application/json;charset=UTF-8} reqBody={"unitPrice":7999.99,"name":"Laptop Dell XPS 15 Test","description":"Laptop testowy do cyklu życia","widthCm":23.0,"heightCm":2.0,"idBaseUom":1,"lengthCm":35.0,"sku":"TEST-LAPTOP-001","minStockLevel":5,"weightKg":2.5} resHeaders={Vary=Origin, Content-Type=application/json} resBody={"id":16,"sku":"TEST-LAPTOP-001","name":"Laptop Dell XPS 15 Test","description":"Laptop testowy do cyklu życia","idBaseUom":1,"weightKg":null,"lengthCm":null,"widthCm":null,"heightCm":null,"unitPrice":null,"minStockLevel":0,"price":null,"category":null}
✓ Utworzono produkt ID: 16
  SKU: TEST-LAPTOP-001
  Nazwa: Laptop Dell XPS 15 Test
]]></system-out>
    <system-err><![CDATA[WARNING: A Java agent has been loaded dynamically (C:\Users\j0now\.m2\repository\net\bytebuddy\byte-buddy-agent\1.14.12\byte-buddy-agent-1.14.12.jar)
WARNING: If a serviceability tool is in use, please run with -XX:+EnableDynamicAgentLoading to hide this warning
WARNING: If a serviceability tool is not in use, please run with -Djdk.instrument.traceUsage for more information
WARNING: Dynamic loading of agents will be disallowed by default in a future release
]]></system-err>
  </testcase>
  <testcase name="phase1_verifyProductExists" classname="com.mycompany.sapo_leyendo.integration.ProductLifecycleIntegrationTest" time="0.013">
    <system-out><![CDATA[2026-01-11T14:01:39.098+01:00  INFO 17940 --- [sapo_leyendo] [           main] HTTP_LOG                                 : ts=2026-01-11T13:01:39.098333200Z user=admin method=GET path=/api/products/16 query=null status=200 durationMs=7 reqHeaders={} reqBody= resHeaders={Vary=Origin, Content-Type=application/json} resBody={"id":16,"sku":"TEST-LAPTOP-001","name":"Laptop Dell XPS 15 Test","description":"Laptop testowy do cyklu życia","idBaseUom":1,"weightKg":null,"lengthCm":null,"widthCm":null,"heightCm":null,"unitPrice":null,"minStockLevel":0,"price":null,"category":null}
✓ Produkt zweryfikowany w katalogu
]]></system-out>
  </testcase>
  <testcase name="phase2a_createInboundOrderWithItems" classname="com.mycompany.sapo_leyendo.integration.ProductLifecycleIntegrationTest" time="0.043">
    <system-out><![CDATA[
--- FAZA 2: PRZYJĘCIE DOSTAWY ---
2026-01-11T14:01:39.127+01:00  INFO 17940 --- [sapo_leyendo] [           main] HTTP_LOG                                 : ts=2026-01-11T13:01:39.127559100Z user=admin method=POST path=/api/inbound query=null status=200 durationMs=23 reqHeaders={Content-Length=153, Content-Type=application/json;charset=UTF-8} reqBody={"supplier":"Dell Polska Sp. z o.o.","expectedDate":"2026-01-12T14:01:39.103027800","items":[{"productId":16,"quantityExpected":100}],"status":"PLANNED"} resHeaders={Vary=Origin, Content-Type=application/json} resBody={"id":3,"status":"PLANNED","supplier":"Dell Polska Sp. z o.o.","dockId":null,"items":[{"id":4,"product":{"id":16,"sku":"TEST-LAPTOP-001","name":"Laptop Dell XPS 15 Test","description":"Laptop testowy do cyklu życia","idBaseUom":1,"weightKg":null,"lengthCm":null,"widthCm":null,"heightCm":null,"unitPrice":null,"minStockLevel":0,"price":null,"category":null},"quantityExpected":100,"batchNumber":null,"productId":16,"receivedQuantity":0,"expectedQuantity":100,"sku":"TEST-LAPTOP-001","productName":"Laptop Dell XPS 15 Test"}],"orderReference":"INB-1768136499109","expectedArrival":null}

MockHttpServletRequest:
      HTTP Method = POST
      Request URI = /api/inbound
       Parameters = {}
          Headers = [Content-Type:"application/json;charset=UTF-8", Content-Length:"153"]
             Body = {"supplier":"Dell Polska Sp. z o.o.","expectedDate":"2026-01-12T14:01:39.103027800","items":[{"productId":16,"quantityExpected":100}],"status":"PLANNED"}
    Session Attrs = {SPRING_SECURITY_CONTEXT=SecurityContextImpl [Authentication=UsernamePasswordAuthenticationToken [Principal=org.springframework.security.core.userdetails.User [Username=admin, Password=[PROTECTED], Enabled=true, AccountNonExpired=true, CredentialsNonExpired=true, AccountNonLocked=true, Granted Authorities=[ROLE_ADMIN]], Credentials=[PROTECTED], Authenticated=true, Details=null, Granted Authorities=[ROLE_ADMIN]]]}

Handler:
             Type = com.mycompany.sapo_leyendo.controller.InboundController
           Method = com.mycompany.sapo_leyendo.controller.InboundController#createInboundOrder(InboundOrder)

Async:
    Async started = false
     Async result = null

Resolved Exception:
             Type = null

ModelAndView:
        View name = null
             View = null
            Model = null

FlashMap:
       Attributes = null

MockHttpServletResponse:
           Status = 200
    Error message = null
          Headers = [Vary:"Origin", "Access-Control-Request-Method", "Access-Control-Request-Headers", Content-Length:"586", Content-Type:"application/json", X-Content-Type-Options:"nosniff", X-XSS-Protection:"0", Cache-Control:"no-cache, no-store, max-age=0, must-revalidate", Pragma:"no-cache", Expires:"0", X-Frame-Options:"DENY"]
     Content type = application/json
             Body = {"id":3,"status":"PLANNED","supplier":"Dell Polska Sp. z o.o.","dockId":null,"items":[{"id":4,"product":{"id":16,"sku":"TEST-LAPTOP-001","name":"Laptop Dell XPS 15 Test","description":"Laptop testowy do cyklu życia","idBaseUom":1,"weightKg":null,"lengthCm":null,"widthCm":null,"heightCm":null,"unitPrice":null,"minStockLevel":0,"price":null,"category":null},"quantityExpected":100,"batchNumber":null,"productId":16,"receivedQuantity":0,"expectedQuantity":100,"sku":"TEST-LAPTOP-001","productName":"Laptop Dell XPS 15 Test"}],"orderReference":"INB-1768136499109","expectedArrival":null}
    Forwarded URL = null
   Redirected URL = null
          Cookies = []
✓ Utworzono zamówienie inbound ID: 3
2026-01-11T14:01:39.142+01:00  INFO 17940 --- [sapo_leyendo] [           main] HTTP_LOG                                 : ts=2026-01-11T13:01:39.142008600Z user=admin method=GET path=/api/inbound/3 query=null status=200 durationMs=11 reqHeaders={} reqBody= resHeaders={Vary=Origin, Content-Type=application/json} resBody={"id":3,"status":"PLANNED","supplier":"Dell Polska Sp. z o.o.","dockId":null,"items":[{"id":4,"product":{"id":16,"sku":"TEST-LAPTOP-001","name":"Laptop Dell XPS 15 Test","description":"Laptop testowy do cyklu życia","idBaseUom":1,"weightKg":null,"lengthCm":null,"widthCm":null,"heightCm":null,"unitPrice":null,"minStockLevel":0,"price":null,"category":null},"quantityExpected":100,"batchNumber":null,"productId":16,"receivedQuantity":0,"expectedQuantity":100,"sku":"TEST-LAPTOP-001","productName":"Laptop Dell XPS 15 Test"}],"orderReference":"INB-1768136499109","expectedArrival":null}
✓ Item ID: 4
]]></system-out>
  </testcase>
  <testcase name="phase2b_receiveItem" classname="com.mycompany.sapo_leyendo.integration.ProductLifecycleIntegrationTest" time="0.11">
    <system-out><![CDATA[2026-01-11T14:01:39.149+01:00  INFO 17940 --- [sapo_leyendo] [           main] HTTP_LOG                                 : ts=2026-01-11T13:01:39.149195200Z user=admin method=GET path=/api/inbound/lpn/generate query=null status=200 durationMs=2 reqHeaders={} reqBody= resHeaders={Vary=Origin, Content-Length=21, Content-Type=text/plain;charset=UTF-8} resBody=LPN-1768136499147-358
  Wygenerowano LPN: LPN-1768136499147-358
2026-01-11T14:01:39.229+01:00  INFO 17940 --- [sapo_leyendo] [           main] HTTP_LOG                                 : ts=2026-01-11T13:01:39.229150400Z user=admin method=POST path=/api/inbound/receive query=null status=200 durationMs=79 reqHeaders={Content-Length=84, Content-Type=application/json;charset=UTF-8} reqBody={"quantity":100,"lpn":"LPN-1768136499147-358","inboundOrderItemId":4,"operatorId":1} resHeaders={Vary=Origin, Content-Type=application/json} resBody={"id":1,"inboundOrderItem":{"id":4,"product":{"id":16,"sku":"TEST-LAPTOP-001","name":"Laptop Dell XPS 15 Test","description":"Laptop testowy do cyklu życia","idBaseUom":1,"weightKg":null,"lengthCm":null,"widthCm":null,"heightCm":null,"unitPrice":null,"minStockLevel":0,"price":null,"category":null},"quantityExpected":100,"batchNumber":null,"productId":16,"receivedQuantity":100,"expectedQuantity":100,"sku":"TEST-LAPTOP-001","productName":"Laptop Dell XPS 15 Test"},"lpn":"LPN-1768136499147-358","quantity":100,"operatorId":1,"timestamp":"2026-01-11T14:01:39.1549299","damageCode":null}

MockHttpServletRequest:
      HTTP Method = POST
      Request URI = /api/inbound/receive
       Parameters = {}
          Headers = [Content-Type:"application/json;charset=UTF-8", Content-Length:"84"]
             Body = {"quantity":100,"lpn":"LPN-1768136499147-358","inboundOrderItemId":4,"operatorId":1}
    Session Attrs = {SPRING_SECURITY_CONTEXT=SecurityContextImpl [Authentication=UsernamePasswordAuthenticationToken [Principal=org.springframework.security.core.userdetails.User [Username=admin, Password=[PROTECTED], Enabled=true, AccountNonExpired=true, CredentialsNonExpired=true, AccountNonLocked=true, Granted Authorities=[ROLE_ADMIN]], Credentials=[PROTECTED], Authenticated=true, Details=null, Granted Authorities=[ROLE_ADMIN]]]}

Handler:
             Type = com.mycompany.sapo_leyendo.controller.InboundController
           Method = com.mycompany.sapo_leyendo.controller.InboundController#receiveItem(ReceiveItemRequest)

Async:
    Async started = false
     Async result = null

Resolved Exception:
             Type = null

ModelAndView:
        View name = null
             View = null
            Model = null

FlashMap:
       Attributes = null

MockHttpServletResponse:
           Status = 200
    Error message = null
          Headers = [Vary:"Origin", "Access-Control-Request-Method", "Access-Control-Request-Headers", Content-Length:"588", Content-Type:"application/json", X-Content-Type-Options:"nosniff", X-XSS-Protection:"0", Cache-Control:"no-cache, no-store, max-age=0, must-revalidate", Pragma:"no-cache", Expires:"0", X-Frame-Options:"DENY"]
     Content type = application/json
             Body = {"id":1,"inboundOrderItem":{"id":4,"product":{"id":16,"sku":"TEST-LAPTOP-001","name":"Laptop Dell XPS 15 Test","description":"Laptop testowy do cyklu życia","idBaseUom":1,"weightKg":null,"lengthCm":null,"widthCm":null,"heightCm":null,"unitPrice":null,"minStockLevel":0,"price":null,"category":null},"quantityExpected":100,"batchNumber":null,"productId":16,"receivedQuantity":100,"expectedQuantity":100,"sku":"TEST-LAPTOP-001","productName":"Laptop Dell XPS 15 Test"},"lpn":"LPN-1768136499147-358","quantity":100,"operatorId":1,"timestamp":"2026-01-11T14:01:39.1549299","damageCode":null}
    Forwarded URL = null
   Redirected URL = null
          Cookies = []
✓ Przyjęto towar, Receipt ID: 1
  Ilość przyjęta: 100 szt
✓ Utworzono inventory ID: 5
  Status: AVAILABLE
]]></system-out>
  </testcase>
  <testcase name="phase3a_createQcInspection" classname="com.mycompany.sapo_leyendo.integration.ProductLifecycleIntegrationTest" time="0.016">
    <system-out><![CDATA[
--- FAZA 3: KONTROLA JAKOŚCI ---
2026-01-11T14:01:39.267+01:00  INFO 17940 --- [sapo_leyendo] [           main] HTTP_LOG                                 : ts=2026-01-11T13:01:39.267606Z user=admin method=POST path=/api/qc/inspections query=null status=200 durationMs=10 reqHeaders={} reqBody= resHeaders={Vary=Origin, Content-Type=application/json} resBody={"id":1,"sourceType":"INBOUND","referenceId":4,"product":{"id":16,"sku":"TEST-LAPTOP-001","name":"Laptop Dell XPS 15 Test","description":"Laptop testowy do cyklu życia","idBaseUom":1,"weightKg":null,"lengthCm":null,"widthCm":null,"heightCm":null,"unitPrice":null,"minStockLevel":0,"price":null,"category":null},"inventory":null,"testPlan":null,"result":"PENDING","inspectorNotes":"Sample size: 10","inspectorId":null,"inspectedAt":null,"createdAt":"2026-01-11T14:01:39.2616052"}

MockHttpServletRequest:
      HTTP Method = POST
      Request URI = /api/qc/inspections
       Parameters = {productId=[16], sourceType=[INBOUND], referenceId=[4], sampleSize=[10]}
          Headers = []
             Body = null
    Session Attrs = {SPRING_SECURITY_CONTEXT=SecurityContextImpl [Authentication=UsernamePasswordAuthenticationToken [Principal=org.springframework.security.core.userdetails.User [Username=admin, Password=[PROTECTED], Enabled=true, AccountNonExpired=true, CredentialsNonExpired=true, AccountNonLocked=true, Granted Authorities=[ROLE_ADMIN]], Credentials=[PROTECTED], Authenticated=true, Details=null, Granted Authorities=[ROLE_ADMIN]]]}

Handler:
             Type = com.mycompany.sapo_leyendo.controller.QualityControlController
           Method = com.mycompany.sapo_leyendo.controller.QualityControlController#createInspection(Integer, InspectionSourceType, Integer, Integer)

Async:
    Async started = false
     Async result = null

Resolved Exception:
             Type = null

ModelAndView:
        View name = null
             View = null
            Model = null

FlashMap:
       Attributes = null

MockHttpServletResponse:
           Status = 200
    Error message = null
          Headers = [Vary:"Origin", "Access-Control-Request-Method", "Access-Control-Request-Headers", Content-Length:"479", Content-Type:"application/json", X-Content-Type-Options:"nosniff", X-XSS-Protection:"0", Cache-Control:"no-cache, no-store, max-age=0, must-revalidate", Pragma:"no-cache", Expires:"0", X-Frame-Options:"DENY"]
     Content type = application/json
             Body = {"id":1,"sourceType":"INBOUND","referenceId":4,"product":{"id":16,"sku":"TEST-LAPTOP-001","name":"Laptop Dell XPS 15 Test","description":"Laptop testowy do cyklu życia","idBaseUom":1,"weightKg":null,"lengthCm":null,"widthCm":null,"heightCm":null,"unitPrice":null,"minStockLevel":0,"price":null,"category":null},"inventory":null,"testPlan":null,"result":"PENDING","inspectorNotes":"Sample size: 10","inspectorId":null,"inspectedAt":null,"createdAt":"2026-01-11T14:01:39.2616052"}
    Forwarded URL = null
   Redirected URL = null
          Cookies = []
✓ Utworzono inspekcję QC ID: 1
  Typ źródła: INBOUND
  Próbka: 10 szt
]]></system-out>
  </testcase>
  <testcase name="phase3b_executeInspection" classname="com.mycompany.sapo_leyendo.integration.ProductLifecycleIntegrationTest" time="0.009">
    <system-out><![CDATA[2026-01-11T14:01:39.277+01:00  INFO 17940 --- [sapo_leyendo] [           main] HTTP_LOG                                 : ts=2026-01-11T13:01:39.277991200Z user=admin method=POST path=/api/qc/inspections/1/execute query=null status=200 durationMs=4 reqHeaders={} reqBody= resHeaders={Vary=Origin, Content-Type=application/json} resBody={"id":1,"sourceType":"INBOUND","referenceId":4,"product":{"id":16,"sku":"TEST-LAPTOP-001","name":"Laptop Dell XPS 15 Test","description":"Laptop testowy do cyklu życia","idBaseUom":1,"weightKg":null,"lengthCm":null,"widthCm":null,"heightCm":null,"unitPrice":null,"minStockLevel":0,"price":null,"category":null},"inventory":null,"testPlan":null,"result":"PASSED","inspectorNotes":"Sample size: 10","inspectorId":1,"inspectedAt":"2026-01-11T14:01:39.2760075","createdAt":"2026-01-11T14:01:39"}

MockHttpServletRequest:
      HTTP Method = POST
      Request URI = /api/qc/inspections/1/execute
       Parameters = {result=[PASSED], inspectorId=[1]}
          Headers = []
             Body = null
    Session Attrs = {SPRING_SECURITY_CONTEXT=SecurityContextImpl [Authentication=UsernamePasswordAuthenticationToken [Principal=org.springframework.security.core.userdetails.User [Username=admin, Password=[PROTECTED], Enabled=true, AccountNonExpired=true, CredentialsNonExpired=true, AccountNonLocked=true, Granted Authorities=[ROLE_ADMIN]], Credentials=[PROTECTED], Authenticated=true, Details=null, Granted Authorities=[ROLE_ADMIN]]]}

Handler:
             Type = com.mycompany.sapo_leyendo.controller.QualityControlController
           Method = com.mycompany.sapo_leyendo.controller.QualityControlController#executeInspection(Integer, InspectionResult, Integer)

Async:
    Async started = false
     Async result = null

Resolved Exception:
             Type = null

ModelAndView:
        View name = null
             View = null
            Model = null

FlashMap:
       Attributes = null

MockHttpServletResponse:
           Status = 200
    Error message = null
          Headers = [Vary:"Origin", "Access-Control-Request-Method", "Access-Control-Request-Headers", Content-Length:"492", Content-Type:"application/json", X-Content-Type-Options:"nosniff", X-XSS-Protection:"0", Cache-Control:"no-cache, no-store, max-age=0, must-revalidate", Pragma:"no-cache", Expires:"0", X-Frame-Options:"DENY"]
     Content type = application/json
             Body = {"id":1,"sourceType":"INBOUND","referenceId":4,"product":{"id":16,"sku":"TEST-LAPTOP-001","name":"Laptop Dell XPS 15 Test","description":"Laptop testowy do cyklu życia","idBaseUom":1,"weightKg":null,"lengthCm":null,"widthCm":null,"heightCm":null,"unitPrice":null,"minStockLevel":0,"price":null,"category":null},"inventory":null,"testPlan":null,"result":"PASSED","inspectorNotes":"Sample size: 10","inspectorId":1,"inspectedAt":"2026-01-11T14:01:39.2760075","createdAt":"2026-01-11T14:01:39"}
    Forwarded URL = null
   Redirected URL = null
          Cookies = []
✓ Inspekcja zakończona wynikiem: PASSED
]]></system-out>
  </testcase>
  <testcase name="phase4a_verifyInventory" classname="com.mycompany.sapo_leyendo.integration.ProductLifecycleIntegrationTest" time="0.021">
    <system-out><![CDATA[
--- FAZA 4: MAGAZYNOWANIE ---
2026-01-11T14:01:39.298+01:00  INFO 17940 --- [sapo_leyendo] [           main] HTTP_LOG                                 : ts=2026-01-11T13:01:39.298559900Z user=admin method=GET path=/api/inventory query=null status=200 durationMs=15 reqHeaders={} reqBody= resHeaders={Vary=Origin, Content-Type=application/json} resBody=[{"id":"1","product":{"id":1,"sku":"LAP-DEL-XPS15","name":"Laptop Dell XPS 15","description":null,"idBaseUom":1,"weightKg":2.5,"lengthCm":40.0,"widthCm":30.0,"heightCm":5.0,"unitPrice":7200.0,"minStockLevel":5,"price":7200.0,"category":"Laptopy i Komputery"},"location":"A-01-01","uom":{"id":1,"code":"SZT","name":"Sztuka"},"quantity":10,"lpn":null,"batchNumber":null,"reorderLevel":5,"unitPrice":null,"receivedAt":"2025-12-01T10:00:00","sku":"LAP-DEL-XPS15","name":"Laptop Dell XPS 15","price":7200.0,"category":"Laptopy i Komputery","status":"In Stock","lastUpdated":"2025-12-01"},{"id":"2","product":{"id":2,"sku":"IPH-15-PRO","name":"Apple iPhone 15 Pro 256GB","description":null,"idBaseUom":1,"weightKg":0.4,"lengthCm":20.0,"widthCm":12.0,"heightCm":3.0,"unitPrice":5400.0,"minStockLevel":10,"price":5400.0,"category":"Telefony i Akcesoria"},"location":"A-01-01","uom":{"id":1,"code":"SZT","name":"Sztuka"},"quantity":20,"lpn":null,"batchNumber":null,"reorderLevel":10,"unitPrice":null,"receivedAt":"2025-12-02T14:30:00","sku":"IPH-15-PRO","name":"Apple iPhone 15 Pro 256GB","price":5400.0,"category":"Telefony i Akcesoria","status":"In Stock","lastUpdated":"2025-12-02"},{"id":"3","product":{"id":9,"sku":"KBL-HDMI-2M","name":"Kabel HDMI 2m","description":null,"idBaseUom":1,"weightKg":0.1,"lengthCm":15.0,"widthCm":15.0,"heightCm":2.0,"unitPrice":29.9,"minStockLevel":40,"price":29.9,"category":"Telefony i Akcesoria"},"location":"A-01-02","uom":{"id":1,"code":"SZT","name":"Sztuka"},"quantity":50,"lpn":null,"batchNumber":null,"reorderLevel":40,"unitPrice":null,"receivedAt":"2025-12-03T09:15:00","sku":"KBL-HDMI-2M","name":"Kabel HDMI 2m","price":29.9,"category":"Telefony i Akcesoria","status":"In Stock","lastUpdated":"2025-12-03"},{"id":"4","product":{"id":14,"sku":"TV-SAM-55Q","name":"Telewizor Samsung 55\" QLED","description":null,"idBaseUom":1,"weightKg":25.0,"lengthCm":140.0,"widthCm":80.0,"heightCm":15.0,"unitPrice":3999.0,"minStockLevel":3,"price":3999.0,"category":"Laptopy i Komputery"},"location":"A-02-01","uom":{"id":1,"code":"SZT","name":"Sztuka"},"quantity":5,"lpn":null,"batchNumber":null,"reorderLevel":3,"unitPrice":null,"receivedAt":"2025-12-04T16:45:00","sku":"TV-SAM-55Q","name":"Telewizor Samsung 55\" QLED","price":3999.0,"category":"Laptopy i Komputery","status":"In Stock","lastUpdated":"2025-12-04"},{"id":"5","product":{"id":16,"sku":"TEST-LAPTOP-001","name":"Laptop Dell XPS 15 Test","description":"Laptop testowy do cyklu życia","idBaseUom":1,"weightKg":null,"lengthCm":null,"widthCm":null,"heightCm":null,"unitPrice":null,"minStockLevel":0,"price":null,"category":null},"location":"DOCK-01","uom":{"id":1,"code":"SZT","name":"Sztuka"},"quantity":100,"lpn":"LPN-1768136499147-358","batchNumber":null,"reorderLevel":0,"unitPrice":null,"receivedAt":"2026-01-11T14:01:39","sku":"TEST-LAPTOP-001","name":"Laptop Dell XPS 15 Test","price":null,"category":null,"status":"In Stock","lastUpdated":"2026-01-11"}]
✓ Pobrano listę inventory: 5 pozycji
  Inventory ID: 5
  Ilość: 100 szt
  Status: In Stock
]]></system-out>
  </testcase>
  <testcase name="phase4b_verifyMoveTasks" classname="com.mycompany.sapo_leyendo.integration.ProductLifecycleIntegrationTest" time="0.012">
    <system-out><![CDATA[2026-01-11T14:01:39.312+01:00  INFO 17940 --- [sapo_leyendo] [           main] HTTP_LOG                                 : ts=2026-01-11T13:01:39.312114Z user=admin method=GET path=/api/inventory/tasks/pending query=null status=200 durationMs=8 reqHeaders={} reqBody= resHeaders={Vary=Origin, Content-Type=application/json} resBody=[{"id":1,"type":"PUTAWAY","inventory":{"id":"5","product":{"id":16,"sku":"TEST-LAPTOP-001","name":"Laptop Dell XPS 15 Test","description":"Laptop testowy do cyklu życia","idBaseUom":1,"weightKg":null,"lengthCm":null,"widthCm":null,"heightCm":null,"unitPrice":null,"minStockLevel":0,"price":null,"category":null},"location":"DOCK-01","uom":{"id":1,"code":"SZT","name":"Sztuka"},"quantity":100,"lpn":"LPN-1768136499147-358","batchNumber":null,"reorderLevel":0,"unitPrice":null,"receivedAt":"2026-01-11T14:01:39","sku":"TEST-LAPTOP-001","name":"Laptop Dell XPS 15 Test","price":null,"category":null,"status":"In Stock","lastUpdated":"2026-01-11"},"sourceLocation":{"id":16,"name":"DOCK-01","zone":{"id":6,"name":"ZONE-A","allowMixedSku":true,"secure":false,"temperatureControlled":false},"locationType":{"id":5,"name":"DOCK","maxWeight":null,"maxVolume":null,"length":null,"width":null,"height":null},"barcode":null,"aisle":"D","rack":"1","level":"1","bin":"01","pickSequence":null,"status":"ACTIVE","active":true},"targetLocation":{"id":17,"name":"SHELF-A1-01","zone":{"id":6,"name":"ZONE-A","allowMixedSku":true,"secure":false,"temperatureControlled":false},"locationType":{"id":6,"name":"SHELF","maxWeight":null,"maxVolume":null,"length":null,"width":null,"height":null},"barcode":null,"aisle":"A","rack":"1","level":"1","bin":"01","pickSequence":null,"status":"ACTIVE","active":true},"priority":5,"status":"PENDING","createdAt":"2026-01-11T14:01:39"}]
✓ Pobrano zadania przesunięć: 1 zadań
  Typ zadania: PUTAWAY
  Status: PENDING
]]></system-out>
  </testcase>
  <testcase name="phase5a_createOutboundOrder" classname="com.mycompany.sapo_leyendo.integration.ProductLifecycleIntegrationTest" time="0.012">
    <system-out><![CDATA[
--- FAZA 5: ZAMÓWIENIE WYCHODZĄCE ---
2026-01-11T14:01:39.324+01:00  INFO 17940 --- [sapo_leyendo] [           main] HTTP_LOG                                 : ts=2026-01-11T13:01:39.324361600Z user=admin method=POST path=/api/outbound query=null status=200 durationMs=7 reqHeaders={Content-Length=166, Content-Type=application/json;charset=UTF-8} reqBody={"destination":"Warszawa, ul. Testowa 123","shipDate":"2026-01-13T14:01:39.316125100","priority":"HIGH","customerName":"Klient Testowy Sp. z o.o.","status":"PLANNED"} resHeaders={Vary=Origin, Content-Type=application/json} resBody={"id":4,"referenceNumber":"OUT-1768136499319-574","status":"PLANNED","shipDate":"2026-01-13T14:01:39.3161251","destination":"Warszawa, ul. Testowa 123","createdAt":"2026-01-11T14:01:39.3197248","items":0,"orderNumber":"OUT-1768136499319-574","total":0,"date":"2026-01-11","priority":"Medium","customer":null}

MockHttpServletRequest:
      HTTP Method = POST
      Request URI = /api/outbound
       Parameters = {}
          Headers = [Content-Type:"application/json;charset=UTF-8", Content-Length:"166"]
             Body = {"destination":"Warszawa, ul. Testowa 123","shipDate":"2026-01-13T14:01:39.316125100","priority":"HIGH","customerName":"Klient Testowy Sp. z o.o.","status":"PLANNED"}
    Session Attrs = {SPRING_SECURITY_CONTEXT=SecurityContextImpl [Authentication=UsernamePasswordAuthenticationToken [Principal=org.springframework.security.core.userdetails.User [Username=admin, Password=[PROTECTED], Enabled=true, AccountNonExpired=true, CredentialsNonExpired=true, AccountNonLocked=true, Granted Authorities=[ROLE_ADMIN]], Credentials=[PROTECTED], Authenticated=true, Details=null, Granted Authorities=[ROLE_ADMIN]]]}

Handler:
             Type = com.mycompany.sapo_leyendo.controller.OutboundController
           Method = com.mycompany.sapo_leyendo.controller.OutboundController#createOutboundOrder(OutboundOrder)

Async:
    Async started = false
     Async result = null

Resolved Exception:
             Type = null

ModelAndView:
        View name = null
             View = null
            Model = null

FlashMap:
       Attributes = null

MockHttpServletResponse:
           Status = 200
    Error message = null
          Headers = [Vary:"Origin", "Access-Control-Request-Method", "Access-Control-Request-Headers", Content-Length:"308", Content-Type:"application/json", X-Content-Type-Options:"nosniff", X-XSS-Protection:"0", Cache-Control:"no-cache, no-store, max-age=0, must-revalidate", Pragma:"no-cache", Expires:"0", X-Frame-Options:"DENY"]
     Content type = application/json
             Body = {"id":4,"referenceNumber":"OUT-1768136499319-574","status":"PLANNED","shipDate":"2026-01-13T14:01:39.3161251","destination":"Warszawa, ul. Testowa 123","createdAt":"2026-01-11T14:01:39.3197248","items":0,"orderNumber":"OUT-1768136499319-574","total":0,"date":"2026-01-11","priority":"Medium","customer":null}
    Forwarded URL = null
   Redirected URL = null
          Cookies = []
✓ Utworzono zamówienie wychodzące ID: 4
  Numer referencyjny: OUT-1768136499319-574
  Klient: null
]]></system-out>
  </testcase>
  <testcase name="phase5b_addOutboundOrderItem" classname="com.mycompany.sapo_leyendo.integration.ProductLifecycleIntegrationTest" time="0.013">
    <system-out><![CDATA[2026-01-11T14:01:39.337+01:00  INFO 17940 --- [sapo_leyendo] [           main] HTTP_LOG                                 : ts=2026-01-11T13:01:39.337318200Z user=admin method=POST path=/api/outbound/4/items query=null status=200 durationMs=8 reqHeaders={Content-Length=59, Content-Type=application/json;charset=UTF-8} reqBody={"unitPrice":7999.99,"productId":16,"quantityOrdered":10.0} resHeaders={Vary=Origin, Content-Type=application/json} resBody={"id":5,"product":"Laptop Dell XPS 15 Test","uom":{"id":1,"code":"SZT","name":"Sztuka"},"quantityOrdered":10.0,"quantityPicked":0.0,"quantityShipped":0.0,"unitPrice":7999.99,"lineTotal":79999.900,"sku":"TEST-LAPTOP-001","productName":"Laptop Dell XPS 15 Test","locationCode":null,"status":"PENDING","price":7999.99,"total":79999.900,"picked":0.0,"location":"MAGA-01","shipped":0.0,"ordered":10.0}

MockHttpServletRequest:
      HTTP Method = POST
      Request URI = /api/outbound/4/items
       Parameters = {}
          Headers = [Content-Type:"application/json;charset=UTF-8", Content-Length:"59"]
             Body = {"unitPrice":7999.99,"productId":16,"quantityOrdered":10.0}
    Session Attrs = {SPRING_SECURITY_CONTEXT=SecurityContextImpl [Authentication=UsernamePasswordAuthenticationToken [Principal=org.springframework.security.core.userdetails.User [Username=admin, Password=[PROTECTED], Enabled=true, AccountNonExpired=true, CredentialsNonExpired=true, AccountNonLocked=true, Granted Authorities=[ROLE_ADMIN]], Credentials=[PROTECTED], Authenticated=true, Details=null, Granted Authorities=[ROLE_ADMIN]]]}

Handler:
             Type = com.mycompany.sapo_leyendo.controller.OutboundController
           Method = com.mycompany.sapo_leyendo.controller.OutboundController#addItemToOrder(Integer, OutboundOrderItem)

Async:
    Async started = false
     Async result = null

Resolved Exception:
             Type = null

ModelAndView:
        View name = null
             View = null
            Model = null

FlashMap:
       Attributes = null

MockHttpServletResponse:
           Status = 200
    Error message = null
          Headers = [Vary:"Origin", "Access-Control-Request-Method", "Access-Control-Request-Headers", Content-Length:"396", Content-Type:"application/json", X-Content-Type-Options:"nosniff", X-XSS-Protection:"0", Cache-Control:"no-cache, no-store, max-age=0, must-revalidate", Pragma:"no-cache", Expires:"0", X-Frame-Options:"DENY"]
     Content type = application/json
             Body = {"id":5,"product":"Laptop Dell XPS 15 Test","uom":{"id":1,"code":"SZT","name":"Sztuka"},"quantityOrdered":10.0,"quantityPicked":0.0,"quantityShipped":0.0,"unitPrice":7999.99,"lineTotal":79999.900,"sku":"TEST-LAPTOP-001","productName":"Laptop Dell XPS 15 Test","locationCode":null,"status":"PENDING","price":7999.99,"total":79999.900,"picked":0.0,"location":"MAGA-01","shipped":0.0,"ordered":10.0}
    Forwarded URL = null
   Redirected URL = null
          Cookies = []
✓ Dodano pozycję do zamówienia, item ID: 5
  Ilość zamówiona: 10 szt
  Cena jednostkowa: 7999.99 PLN
]]></system-out>
  </testcase>
  <testcase name="phase5c_verifyOrderOnDashboard" classname="com.mycompany.sapo_leyendo.integration.ProductLifecycleIntegrationTest" time="0.009">
    <system-out><![CDATA[2026-01-11T14:01:39.347+01:00  INFO 17940 --- [sapo_leyendo] [           main] HTTP_LOG                                 : ts=2026-01-11T13:01:39.347757200Z user=admin method=GET path=/api/dashboard/orders query=null status=200 durationMs=5 reqHeaders={} reqBody= resHeaders={Vary=Origin, Content-Type=application/json} resBody=[{"id":1,"referenceNumber":"ORD-2025-001","status":"NEW","shipDate":"2025-12-20T00:00:00","destination":"Warsaw, Poland","createdAt":"2026-01-11T13:01:38","items":4,"orderNumber":"ORD-2025-001","total":14459.8,"date":"2025-12-18","priority":"High","customer":"Tech Solutions Sp. z o.o."},{"id":2,"referenceNumber":"ORD-2025-002","status":"PICKING","shipDate":"2025-12-21T00:00:00","destination":"Berlin, Germany","createdAt":"2026-01-11T13:01:38","items":5,"orderNumber":"ORD-2025-002","total":27000.0,"date":"2025-12-19","priority":"Medium","customer":"Berlin Retail GmbH"},{"id":3,"referenceNumber":"ORD-2025-003","status":"SHIPPED","shipDate":"2025-12-10T00:00:00","destination":"Paris, France","createdAt":"2026-01-11T13:01:38","items":1,"orderNumber":"ORD-2025-003","total":3999.0,"date":"2025-12-05","priority":"Low","customer":"Paris Boutique SARL"},{"id":4,"referenceNumber":"OUT-1768136499319-574","status":"PLANNED","shipDate":"2026-01-13T14:01:39","destination":"Warszawa, ul. Testowa 123","createdAt":"2026-01-11T14:01:39","items":10,"orderNumber":"OUT-1768136499319-574","total":79999.9,"date":"2026-01-11","priority":"Medium","customer":null}]
✓ Zamówienie widoczne na dashboardzie
  Status: PLANNED
]]></system-out>
  </testcase>
  <testcase name="phase6a_createWave" classname="com.mycompany.sapo_leyendo.integration.ProductLifecycleIntegrationTest" time="0.009">
    <system-out><![CDATA[
--- FAZA 6: KOMPLETACJA ---
2026-01-11T14:01:39.356+01:00  INFO 17940 --- [sapo_leyendo] [           main] HTTP_LOG                                 : ts=2026-01-11T13:01:39.356668200Z user=admin method=POST path=/api/picking/waves query=null status=200 durationMs=4 reqHeaders={Content-Length=3, Content-Type=application/json;charset=UTF-8} reqBody=[4] resHeaders={Vary=Origin, Content-Type=application/json} resBody={"id":1,"name":"Wave-1768136499353","status":"CREATED","priority":0,"createdAt":"2026-01-11T14:01:39.3537585","releasedAt":null,"completedAt":null,"userCreatedId":null,"pickLists":null}

MockHttpServletRequest:
      HTTP Method = POST
      Request URI = /api/picking/waves
       Parameters = {}
          Headers = [Content-Type:"application/json;charset=UTF-8", Content-Length:"3"]
             Body = [4]
    Session Attrs = {SPRING_SECURITY_CONTEXT=SecurityContextImpl [Authentication=UsernamePasswordAuthenticationToken [Principal=org.springframework.security.core.userdetails.User [Username=admin, Password=[PROTECTED], Enabled=true, AccountNonExpired=true, CredentialsNonExpired=true, AccountNonLocked=true, Granted Authorities=[ROLE_ADMIN]], Credentials=[PROTECTED], Authenticated=true, Details=null, Granted Authorities=[ROLE_ADMIN]]]}

Handler:
             Type = com.mycompany.sapo_leyendo.controller.PickingController
           Method = com.mycompany.sapo_leyendo.controller.PickingController#createWave(List)

Async:
    Async started = false
     Async result = null

Resolved Exception:
             Type = null

ModelAndView:
        View name = null
             View = null
            Model = null

FlashMap:
       Attributes = null

MockHttpServletResponse:
           Status = 200
    Error message = null
          Headers = [Vary:"Origin", "Access-Control-Request-Method", "Access-Control-Request-Headers", Content-Length:"185", Content-Type:"application/json", X-Content-Type-Options:"nosniff", X-XSS-Protection:"0", Cache-Control:"no-cache, no-store, max-age=0, must-revalidate", Pragma:"no-cache", Expires:"0", X-Frame-Options:"DENY"]
     Content type = application/json
             Body = {"id":1,"name":"Wave-1768136499353","status":"CREATED","priority":0,"createdAt":"2026-01-11T14:01:39.3537585","releasedAt":null,"completedAt":null,"userCreatedId":null,"pickLists":null}
    Forwarded URL = null
   Redirected URL = null
          Cookies = []
✓ Utworzono falę ID: 1
  Nazwa: Wave-1768136499353
  Status: CREATED
]]></system-out>
  </testcase>
  <testcase name="phase6b_runWave" classname="com.mycompany.sapo_leyendo.integration.ProductLifecycleIntegrationTest" time="0.02">
    <system-out><![CDATA[2026-01-11T14:01:39.376+01:00  INFO 17940 --- [sapo_leyendo] [           main] HTTP_LOG                                 : ts=2026-01-11T13:01:39.376497200Z user=admin method=POST path=/api/picking/waves/1/run query=null status=200 durationMs=15 reqHeaders={Content-Length=3, Content-Type=application/json;charset=UTF-8} reqBody=[4] resHeaders={Vary=Origin, Content-Type=application/json} resBody={"id":1,"name":"Wave-1768136499353","status":"IN_PROGRESS","priority":0,"createdAt":"2026-01-11T14:01:39","releasedAt":"2026-01-11T14:01:39.3678275","completedAt":null,"userCreatedId":null,"pickLists":[{"id":1,"pickListNumber":"PL-1768136499368-4","status":"PENDING","assignedUserId":null,"assignedAt":null,"completedAt":null,"createdAt":"2026-01-11T14:01:39.3695619","pickTasks":null}]}

MockHttpServletRequest:
      HTTP Method = POST
      Request URI = /api/picking/waves/1/run
       Parameters = {}
          Headers = [Content-Type:"application/json;charset=UTF-8", Content-Length:"3"]
             Body = [4]
    Session Attrs = {SPRING_SECURITY_CONTEXT=SecurityContextImpl [Authentication=UsernamePasswordAuthenticationToken [Principal=org.springframework.security.core.userdetails.User [Username=admin, Password=[PROTECTED], Enabled=true, AccountNonExpired=true, CredentialsNonExpired=true, AccountNonLocked=true, Granted Authorities=[ROLE_ADMIN]], Credentials=[PROTECTED], Authenticated=true, Details=null, Granted Authorities=[ROLE_ADMIN]]]}

Handler:
             Type = com.mycompany.sapo_leyendo.controller.PickingController
           Method = com.mycompany.sapo_leyendo.controller.PickingController#runWave(Integer, List)

Async:
    Async started = false
     Async result = null

Resolved Exception:
             Type = null

ModelAndView:
        View name = null
             View = null
            Model = null

FlashMap:
       Attributes = null

MockHttpServletResponse:
           Status = 200
    Error message = null
          Headers = [Vary:"Origin", "Access-Control-Request-Method", "Access-Control-Request-Headers", Content-Length:"387", Content-Type:"application/json", X-Content-Type-Options:"nosniff", X-XSS-Protection:"0", Cache-Control:"no-cache, no-store, max-age=0, must-revalidate", Pragma:"no-cache", Expires:"0", X-Frame-Options:"DENY"]
     Content type = application/json
             Body = {"id":1,"name":"Wave-1768136499353","status":"IN_PROGRESS","priority":0,"createdAt":"2026-01-11T14:01:39","releasedAt":"2026-01-11T14:01:39.3678275","completedAt":null,"userCreatedId":null,"pickLists":[{"id":1,"pickListNumber":"PL-1768136499368-4","status":"PENDING","assignedUserId":null,"assignedAt":null,"completedAt":null,"createdAt":"2026-01-11T14:01:39.3695619","pickTasks":null}]}
    Forwarded URL = null
   Redirected URL = null
          Cookies = []
Response status: 200
Response content: {"id":1,"name":"Wave-1768136499353","status":"IN_PROGRESS","priority":0,"createdAt":"2026-01-11T14:01:39","releasedAt":"2026-01-11T14:01:39.3678275","completedAt":null,"userCreatedId":null,"pickLists":[{"id":1,"pickListNumber":"PL-1768136499368-4","status":"PENDING","assignedUserId":null,"assignedAt":null,"completedAt":null,"createdAt":"2026-01-11T14:01:39.3695619","pickTasks":null}]}
✓ Fala uruchomiona
  Status: IN_PROGRESS
]]></system-out>
  </testcase>
  <testcase name="phase6c_getPickingTasks" classname="com.mycompany.sapo_leyendo.integration.ProductLifecycleIntegrationTest" time="0.009">
    <system-out><![CDATA[2026-01-11T14:01:39.386+01:00  INFO 17940 --- [sapo_leyendo] [           main] HTTP_LOG                                 : ts=2026-01-11T13:01:39.386191900Z user=admin method=GET path=/api/picking/waves/1/tasks query=null status=200 durationMs=5 reqHeaders={} reqBody= resHeaders={Vary=Origin, Content-Type=application/json} resBody=[]

MockHttpServletRequest:
      HTTP Method = GET
      Request URI = /api/picking/waves/1/tasks
       Parameters = {}
          Headers = []
             Body = null
    Session Attrs = {SPRING_SECURITY_CONTEXT=SecurityContextImpl [Authentication=UsernamePasswordAuthenticationToken [Principal=org.springframework.security.core.userdetails.User [Username=admin, Password=[PROTECTED], Enabled=true, AccountNonExpired=true, CredentialsNonExpired=true, AccountNonLocked=true, Granted Authorities=[ROLE_ADMIN]], Credentials=[PROTECTED], Authenticated=true, Details=null, Granted Authorities=[ROLE_ADMIN]]]}

Handler:
             Type = com.mycompany.sapo_leyendo.controller.PickingController
           Method = com.mycompany.sapo_leyendo.controller.PickingController#getPickingTasks(Integer)

Async:
    Async started = false
     Async result = null

Resolved Exception:
             Type = null

ModelAndView:
        View name = null
             View = null
            Model = null

FlashMap:
       Attributes = null

MockHttpServletResponse:
           Status = 200
    Error message = null
          Headers = [Vary:"Origin", "Access-Control-Request-Method", "Access-Control-Request-Headers", Content-Length:"2", Content-Type:"application/json", X-Content-Type-Options:"nosniff", X-XSS-Protection:"0", Cache-Control:"no-cache, no-store, max-age=0, must-revalidate", Pragma:"no-cache", Expires:"0", X-Frame-Options:"DENY"]
     Content type = application/json
             Body = []
    Forwarded URL = null
   Redirected URL = null
          Cookies = []
✓ Pobrano zadania kompletacji: 0 zadań
]]></system-out>
  </testcase>
  <testcase name="phase7a_startPacking" classname="com.mycompany.sapo_leyendo.integration.ProductLifecycleIntegrationTest" time="0.012">
    <system-out><![CDATA[
--- FAZA 7: PAKOWANIE ---
2026-01-11T14:01:39.397+01:00  INFO 17940 --- [sapo_leyendo] [           main] HTTP_LOG                                 : ts=2026-01-11T13:01:39.397713100Z user=admin method=POST path=/api/packing/shipments/start/4 query=null status=200 durationMs=7 reqHeaders={} reqBody= resHeaders={Vary=Origin, Content-Type=application/json} resBody={"id":2,"outboundOrder":{"id":4,"referenceNumber":"OUT-1768136499319-574","status":"PLANNED","shipDate":"2026-01-13T14:01:39","destination":"Warszawa, ul. Testowa 123","createdAt":"2026-01-11T14:01:39","items":10,"orderNumber":"OUT-1768136499319-574","total":79999.9,"date":"2026-01-11","priority":"Medium","customer":null},"carrierId":null,"trackingNumber":null,"shippedAt":null,"status":"PACKING","totalWeightKg":0.0,"parcels":null}

MockHttpServletRequest:
      HTTP Method = POST
      Request URI = /api/packing/shipments/start/4
       Parameters = {}
          Headers = []
             Body = null
    Session Attrs = {SPRING_SECURITY_CONTEXT=SecurityContextImpl [Authentication=UsernamePasswordAuthenticationToken [Principal=org.springframework.security.core.userdetails.User [Username=admin, Password=[PROTECTED], Enabled=true, AccountNonExpired=true, CredentialsNonExpired=true, AccountNonLocked=true, Granted Authorities=[ROLE_ADMIN]], Credentials=[PROTECTED], Authenticated=true, Details=null, Granted Authorities=[ROLE_ADMIN]]]}

Handler:
             Type = com.mycompany.sapo_leyendo.controller.PackingController
           Method = com.mycompany.sapo_leyendo.controller.PackingController#startPacking(Integer)

Async:
    Async started = false
     Async result = null

Resolved Exception:
             Type = null

ModelAndView:
        View name = null
             View = null
            Model = null

FlashMap:
       Attributes = null

MockHttpServletResponse:
           Status = 200
    Error message = null
          Headers = [Vary:"Origin", "Access-Control-Request-Method", "Access-Control-Request-Headers", Content-Length:"434", Content-Type:"application/json", X-Content-Type-Options:"nosniff", X-XSS-Protection:"0", Cache-Control:"no-cache, no-store, max-age=0, must-revalidate", Pragma:"no-cache", Expires:"0", X-Frame-Options:"DENY"]
     Content type = application/json
             Body = {"id":2,"outboundOrder":{"id":4,"referenceNumber":"OUT-1768136499319-574","status":"PLANNED","shipDate":"2026-01-13T14:01:39","destination":"Warszawa, ul. Testowa 123","createdAt":"2026-01-11T14:01:39","items":10,"orderNumber":"OUT-1768136499319-574","total":79999.9,"date":"2026-01-11","priority":"Medium","customer":null},"carrierId":null,"trackingNumber":null,"shippedAt":null,"status":"PACKING","totalWeightKg":0.0,"parcels":null}
    Forwarded URL = null
   Redirected URL = null
          Cookies = []
✓ Rozpoczęto pakowanie, Shipment ID: 2
  Status: PACKING
]]></system-out>
  </testcase>
  <testcase name="phase7b_createParcel" classname="com.mycompany.sapo_leyendo.integration.ProductLifecycleIntegrationTest" time="0.011">
    <system-out><![CDATA[2026-01-11T14:01:39.409+01:00  INFO 17940 --- [sapo_leyendo] [           main] HTTP_LOG                                 : ts=2026-01-11T13:01:39.409635900Z user=admin method=POST path=/api/packing/shipments/2/parcels query=null status=200 durationMs=6 reqHeaders={} reqBody= resHeaders={Vary=Origin, Content-Type=application/json} resBody={"id":1,"packingMaterial":{"id":1,"code":"BOX-M","widthCm":20.0,"heightCm":15.0,"lengthCm":30.0,"tareWeightKg":0.3,"maxWeightKg":10.0},"weightKg":0.3,"trackingSubNumber":null,"items":null}

MockHttpServletRequest:
      HTTP Method = POST
      Request URI = /api/packing/shipments/2/parcels
       Parameters = {packingMaterialId=[1]}
          Headers = []
             Body = null
    Session Attrs = {SPRING_SECURITY_CONTEXT=SecurityContextImpl [Authentication=UsernamePasswordAuthenticationToken [Principal=org.springframework.security.core.userdetails.User [Username=admin, Password=[PROTECTED], Enabled=true, AccountNonExpired=true, CredentialsNonExpired=true, AccountNonLocked=true, Granted Authorities=[ROLE_ADMIN]], Credentials=[PROTECTED], Authenticated=true, Details=null, Granted Authorities=[ROLE_ADMIN]]]}

Handler:
             Type = com.mycompany.sapo_leyendo.controller.PackingController
           Method = com.mycompany.sapo_leyendo.controller.PackingController#createParcel(Integer, Integer)

Async:
    Async started = false
     Async result = null

Resolved Exception:
             Type = null

ModelAndView:
        View name = null
             View = null
            Model = null

FlashMap:
       Attributes = null

MockHttpServletResponse:
           Status = 200
    Error message = null
          Headers = [Vary:"Origin", "Access-Control-Request-Method", "Access-Control-Request-Headers", Content-Length:"188", Content-Type:"application/json", X-Content-Type-Options:"nosniff", X-XSS-Protection:"0", Cache-Control:"no-cache, no-store, max-age=0, must-revalidate", Pragma:"no-cache", Expires:"0", X-Frame-Options:"DENY"]
     Content type = application/json
             Body = {"id":1,"packingMaterial":{"id":1,"code":"BOX-M","widthCm":20.0,"heightCm":15.0,"lengthCm":30.0,"tareWeightKg":0.3,"maxWeightKg":10.0},"weightKg":0.3,"trackingSubNumber":null,"items":null}
    Forwarded URL = null
   Redirected URL = null
          Cookies = []
✓ Utworzono paczkę ID: 1
]]></system-out>
  </testcase>
  <testcase name="phase7c_closeShipment" classname="com.mycompany.sapo_leyendo.integration.ProductLifecycleIntegrationTest" time="0.012">
    <system-out><![CDATA[2026-01-11T14:01:39.421+01:00  INFO 17940 --- [sapo_leyendo] [           main] HTTP_LOG                                 : ts=2026-01-11T13:01:39.421595600Z user=admin method=POST path=/api/packing/shipments/2/close query=null status=200 durationMs=6 reqHeaders={} reqBody= resHeaders={Vary=Origin, Content-Type=application/json} resBody={"id":2,"outboundOrder":{"id":4,"referenceNumber":"OUT-1768136499319-574","status":"PACKED","shipDate":"2026-01-13T14:01:39","destination":"Warszawa, ul. Testowa 123","createdAt":"2026-01-11T14:01:39","items":10,"orderNumber":"OUT-1768136499319-574","total":79999.9,"date":"2026-01-11","priority":"Medium","customer":null},"carrierId":null,"trackingNumber":null,"shippedAt":null,"status":"PACKED","totalWeightKg":0.3,"parcels":[{"id":1,"packingMaterial":{"id":1,"code":"BOX-M","widthCm":20.0,"heightCm":15.0,"lengthCm":30.0,"tareWeightKg":0.3,"maxWeightKg":10.0},"weightKg":0.3,"trackingSubNumber":null,"items":[]}]}

MockHttpServletRequest:
      HTTP Method = POST
      Request URI = /api/packing/shipments/2/close
       Parameters = {}
          Headers = []
             Body = null
    Session Attrs = {SPRING_SECURITY_CONTEXT=SecurityContextImpl [Authentication=UsernamePasswordAuthenticationToken [Principal=org.springframework.security.core.userdetails.User [Username=admin, Password=[PROTECTED], Enabled=true, AccountNonExpired=true, CredentialsNonExpired=true, AccountNonLocked=true, Granted Authorities=[ROLE_ADMIN]], Credentials=[PROTECTED], Authenticated=true, Details=null, Granted Authorities=[ROLE_ADMIN]]]}

Handler:
             Type = com.mycompany.sapo_leyendo.controller.PackingController
           Method = com.mycompany.sapo_leyendo.controller.PackingController#closeShipment(Integer)

Async:
    Async started = false
     Async result = null

Resolved Exception:
             Type = null

ModelAndView:
        View name = null
             View = null
            Model = null

FlashMap:
       Attributes = null

MockHttpServletResponse:
           Status = 200
    Error message = null
          Headers = [Vary:"Origin", "Access-Control-Request-Method", "Access-Control-Request-Headers", Content-Length:"616", Content-Type:"application/json", X-Content-Type-Options:"nosniff", X-XSS-Protection:"0", Cache-Control:"no-cache, no-store, max-age=0, must-revalidate", Pragma:"no-cache", Expires:"0", X-Frame-Options:"DENY"]
     Content type = application/json
             Body = {"id":2,"outboundOrder":{"id":4,"referenceNumber":"OUT-1768136499319-574","status":"PACKED","shipDate":"2026-01-13T14:01:39","destination":"Warszawa, ul. Testowa 123","createdAt":"2026-01-11T14:01:39","items":10,"orderNumber":"OUT-1768136499319-574","total":79999.9,"date":"2026-01-11","priority":"Medium","customer":null},"carrierId":null,"trackingNumber":null,"shippedAt":null,"status":"PACKED","totalWeightKg":0.3,"parcels":[{"id":1,"packingMaterial":{"id":1,"code":"BOX-M","widthCm":20.0,"heightCm":15.0,"lengthCm":30.0,"tareWeightKg":0.3,"maxWeightKg":10.0},"weightKg":0.3,"trackingSubNumber":null,"items":[]}]}
    Forwarded URL = null
   Redirected URL = null
          Cookies = []
✓ Zamknięto przesyłkę
  Status: PACKED
  Waga całkowita: 0.3 kg
]]></system-out>
  </testcase>
  <testcase name="phase8a_createLoad" classname="com.mycompany.sapo_leyendo.integration.ProductLifecycleIntegrationTest" time="0.015">
    <system-out><![CDATA[
--- FAZA 8: WYSYŁKA ---
2026-01-11T14:01:39.437+01:00  INFO 17940 --- [sapo_leyendo] [           main] HTTP_LOG                                 : ts=2026-01-11T13:01:39.437119500Z user=admin method=POST path=/api/shipping/loads query=null status=200 durationMs=11 reqHeaders={} reqBody= resHeaders={Vary=Origin, Content-Type=application/json} resBody={"id":1,"loadNumber":"LOAD-1768136499433","carrier":{"id":6,"name":"DHL Test","serviceType":null,"integrationType":null,"cutoffTime":null,"trackingUrlTemplate":"https://dhl.com/track/{tracking}"},"scheduledDeparture":null,"actualDeparture":null,"status":"PLANNING","trailerNumber":"WA12345","sealNumber":null,"driverName":"Jan Kowalski","driverPhone":"600123456","createdAt":"2026-01-11T14:01:39.4338445","shipments":null}

MockHttpServletRequest:
      HTTP Method = POST
      Request URI = /api/shipping/loads
       Parameters = {carrierId=[6], trailerNumber=[WA12345], driverName=[Jan Kowalski], driverPhone=[600123456]}
          Headers = []
             Body = null
    Session Attrs = {SPRING_SECURITY_CONTEXT=SecurityContextImpl [Authentication=UsernamePasswordAuthenticationToken [Principal=org.springframework.security.core.userdetails.User [Username=admin, Password=[PROTECTED], Enabled=true, AccountNonExpired=true, CredentialsNonExpired=true, AccountNonLocked=true, Granted Authorities=[ROLE_ADMIN]], Credentials=[PROTECTED], Authenticated=true, Details=null, Granted Authorities=[ROLE_ADMIN]]]}

Handler:
             Type = com.mycompany.sapo_leyendo.controller.ShippingController
           Method = com.mycompany.sapo_leyendo.controller.ShippingController#createLoad(Integer, String, String, String)

Async:
    Async started = false
     Async result = null

Resolved Exception:
             Type = null

ModelAndView:
        View name = null
             View = null
            Model = null

FlashMap:
       Attributes = null

MockHttpServletResponse:
           Status = 200
    Error message = null
          Headers = [Vary:"Origin", "Access-Control-Request-Method", "Access-Control-Request-Headers", Content-Length:"422", Content-Type:"application/json", X-Content-Type-Options:"nosniff", X-XSS-Protection:"0", Cache-Control:"no-cache, no-store, max-age=0, must-revalidate", Pragma:"no-cache", Expires:"0", X-Frame-Options:"DENY"]
     Content type = application/json
             Body = {"id":1,"loadNumber":"LOAD-1768136499433","carrier":{"id":6,"name":"DHL Test","serviceType":null,"integrationType":null,"cutoffTime":null,"trackingUrlTemplate":"https://dhl.com/track/{tracking}"},"scheduledDeparture":null,"actualDeparture":null,"status":"PLANNING","trailerNumber":"WA12345","sealNumber":null,"driverName":"Jan Kowalski","driverPhone":"600123456","createdAt":"2026-01-11T14:01:39.4338445","shipments":null}
    Forwarded URL = null
   Redirected URL = null
          Cookies = []
✓ Utworzono transport ID: 1
  Numer: LOAD-1768136499433
  Kierowca: Jan Kowalski
  Status: PLANNING
]]></system-out>
  </testcase>
  <testcase name="phase8b_assignShipmentToLoad" classname="com.mycompany.sapo_leyendo.integration.ProductLifecycleIntegrationTest" time="0.008">
    <system-out><![CDATA[2026-01-11T14:01:39.445+01:00  INFO 17940 --- [sapo_leyendo] [           main] HTTP_LOG                                 : ts=2026-01-11T13:01:39.445841300Z user=admin method=POST path=/api/shipping/loads/1/assign/2 query=null status=200 durationMs=4 reqHeaders={} reqBody= resHeaders={Vary=Origin} resBody=

MockHttpServletRequest:
      HTTP Method = POST
      Request URI = /api/shipping/loads/1/assign/2
       Parameters = {}
          Headers = []
             Body = null
    Session Attrs = {SPRING_SECURITY_CONTEXT=SecurityContextImpl [Authentication=UsernamePasswordAuthenticationToken [Principal=org.springframework.security.core.userdetails.User [Username=admin, Password=[PROTECTED], Enabled=true, AccountNonExpired=true, CredentialsNonExpired=true, AccountNonLocked=true, Granted Authorities=[ROLE_ADMIN]], Credentials=[PROTECTED], Authenticated=true, Details=null, Granted Authorities=[ROLE_ADMIN]]]}

Handler:
             Type = com.mycompany.sapo_leyendo.controller.ShippingController
           Method = com.mycompany.sapo_leyendo.controller.ShippingController#assignShipmentToLoad(Integer, Integer)

Async:
    Async started = false
     Async result = null

Resolved Exception:
             Type = null

ModelAndView:
        View name = null
             View = null
            Model = null

FlashMap:
       Attributes = null

MockHttpServletResponse:
           Status = 200
    Error message = null
          Headers = [Vary:"Origin", "Access-Control-Request-Method", "Access-Control-Request-Headers", X-Content-Type-Options:"nosniff", X-XSS-Protection:"0", Cache-Control:"no-cache, no-store, max-age=0, must-revalidate", Pragma:"no-cache", Expires:"0", X-Frame-Options:"DENY"]
     Content type = null
             Body = 
    Forwarded URL = null
   Redirected URL = null
          Cookies = []
✓ Przypisano przesyłkę do transportu
]]></system-out>
  </testcase>
  <testcase name="phase8c_dispatchLoad" classname="com.mycompany.sapo_leyendo.integration.ProductLifecycleIntegrationTest" time="0.014">
    <system-out><![CDATA[2026-01-11T14:01:39.455+01:00  INFO 17940 --- [sapo_leyendo] [           main] HTTP_LOG                                 : ts=2026-01-11T13:01:39.455854600Z user=admin method=POST path=/api/shipping/loads/1/dispatch query=null status=200 durationMs=6 reqHeaders={} reqBody= resHeaders={Vary=Origin, Content-Type=application/json} resBody={"id":1,"manifestNumber":"MAN-1768136499451","transportLoad":{"id":1,"loadNumber":"LOAD-1768136499433","carrier":{"id":6,"name":"DHL Test","serviceType":null,"integrationType":null,"cutoffTime":null,"trackingUrlTemplate":"https://dhl.com/track/{tracking}"},"scheduledDeparture":null,"actualDeparture":"2026-01-11T14:01:39.4513537","status":"IN_TRANSIT","trailerNumber":"WA12345","sealNumber":null,"driverName":"Jan Kowalski","driverPhone":"600123456","createdAt":"2026-01-11T14:01:39","shipments":[{"id":2,"outboundOrder":{"id":4,"referenceNumber":"OUT-1768136499319-574","status":"SHIPPED","shipDate":"2026-01-13T14:01:39","destination":"Warszawa, ul. Testowa 123","createdAt":"2026-01-11T14:01:39","items":10,"orderNumber":"OUT-1768136499319-574","total":79999.9,"date":"2026-01-11","priority":"Medium","customer":null},"carrierId":null,"trackingNumber":null,"shippedAt":"2026-01-11T14:01:39.4513537","status":"SHIPPED","totalWeightKg":0.3,"parcels":[{"id":1,"packingMaterial":{"id":1,"code":"BOX-M","widthCm":20.0,"heightCm":15.0,"lengthCm":30.0,"tareWeightKg":0.3,"maxWeightKg":10.0},"weightKg":0.3,"trackingSubNumber":null,"items":[]}]}]},"createdAt":"2026-01-11T14:01:39.4513537"}

MockHttpServletRequest:
      HTTP Method = POST
      Request URI = /api/shipping/loads/1/dispatch
       Parameters = {}
          Headers = []
             Body = null
    Session Attrs = {SPRING_SECURITY_CONTEXT=SecurityContextImpl [Authentication=UsernamePasswordAuthenticationToken [Principal=org.springframework.security.core.userdetails.User [Username=admin, Password=[PROTECTED], Enabled=true, AccountNonExpired=true, CredentialsNonExpired=true, AccountNonLocked=true, Granted Authorities=[ROLE_ADMIN]], Credentials=[PROTECTED], Authenticated=true, Details=null, Granted Authorities=[ROLE_ADMIN]]]}

Handler:
             Type = com.mycompany.sapo_leyendo.controller.ShippingController
           Method = com.mycompany.sapo_leyendo.controller.ShippingController#dispatchLoad(Integer)

Async:
    Async started = false
     Async result = null

Resolved Exception:
             Type = null

ModelAndView:
        View name = null
             View = null
            Model = null

FlashMap:
       Attributes = null

MockHttpServletResponse:
           Status = 200
    Error message = null
          Headers = [Vary:"Origin", "Access-Control-Request-Method", "Access-Control-Request-Headers", Content-Length:"1186", Content-Type:"application/json", X-Content-Type-Options:"nosniff", X-XSS-Protection:"0", Cache-Control:"no-cache, no-store, max-age=0, must-revalidate", Pragma:"no-cache", Expires:"0", X-Frame-Options:"DENY"]
     Content type = application/json
             Body = {"id":1,"manifestNumber":"MAN-1768136499451","transportLoad":{"id":1,"loadNumber":"LOAD-1768136499433","carrier":{"id":6,"name":"DHL Test","serviceType":null,"integrationType":null,"cutoffTime":null,"trackingUrlTemplate":"https://dhl.com/track/{tracking}"},"scheduledDeparture":null,"actualDeparture":"2026-01-11T14:01:39.4513537","status":"IN_TRANSIT","trailerNumber":"WA12345","sealNumber":null,"driverName":"Jan Kowalski","driverPhone":"600123456","createdAt":"2026-01-11T14:01:39","shipments":[{"id":2,"outboundOrder":{"id":4,"referenceNumber":"OUT-1768136499319-574","status":"SHIPPED","shipDate":"2026-01-13T14:01:39","destination":"Warszawa, ul. Testowa 123","createdAt":"2026-01-11T14:01:39","items":10,"orderNumber":"OUT-1768136499319-574","total":79999.9,"date":"2026-01-11","priority":"Medium","customer":null},"carrierId":null,"trackingNumber":null,"shippedAt":"2026-01-11T14:01:39.4513537","status":"SHIPPED","totalWeightKg":0.3,"parcels":[{"id":1,"packingMaterial":{"id":1,"code":"BOX-M","widthCm":20.0,"heightCm":15.0,"lengthCm":30.0,"tareWeightKg":0.3,"maxWeightKg":10.0},"weightKg":0.3,"trackingSubNumber":null,"items":[]}]}]},"createdAt":"2026-01-11T14:01:39.4513537"}
    Forwarded URL = null
   Redirected URL = null
          Cookies = []
✓ Transport wysłany!
  Manifest: MAN-1768136499451
2026-01-11T14:01:39.460+01:00  INFO 17940 --- [sapo_leyendo] [           main] HTTP_LOG                                 : ts=2026-01-11T13:01:39.460482200Z user=admin method=GET path=/api/shipping/loads query=null status=200 durationMs=3 reqHeaders={} reqBody= resHeaders={Vary=Origin, Content-Type=application/json} resBody=[{"id":1,"loadNumber":"LOAD-1768136499433","carrier":{"id":6,"name":"DHL Test","serviceType":null,"integrationType":null,"cutoffTime":null,"trackingUrlTemplate":"https://dhl.com/track/{tracking}"},"scheduledDeparture":null,"actualDeparture":"2026-01-11T14:01:39","status":"IN_TRANSIT","trailerNumber":"WA12345","sealNumber":null,"driverName":"Jan Kowalski","driverPhone":"600123456","createdAt":"2026-01-11T14:01:39","shipments":[{"id":2,"outboundOrder":{"id":4,"referenceNumber":"OUT-1768136499319-574","status":"SHIPPED","shipDate":"2026-01-13T14:01:39","destination":"Warszawa, ul. Testowa 123","createdAt":"2026-01-11T14:01:39","items":10,"orderNumber":"OUT-1768136499319-574","total":79999.9,"date":"2026-01-11","priority":"Medium","customer":null},"carrierId":null,"trackingNumber":null,"shippedAt":"2026-01-11T14:01:39","status":"SHIPPED","totalWeightKg":0.3,"parcels":[{"id":1,"packingMaterial":{"id":1,"code":"BOX-M","widthCm":20.0,"heightCm":15.0,"lengthCm":30.0,"tareWeightKg":0.3,"maxWeightKg":10.0},"weightKg":0.3,"trackingSubNumber":null,"items":[]}]}]}]
  Status transportu: IN_TRANSIT
]]></system-out>
  </testcase>
  <testcase name="phase9a_createRma" classname="com.mycompany.sapo_leyendo.integration.ProductLifecycleIntegrationTest" time="0.007">
    <system-out><![CDATA[
--- FAZA 9: ZWROTY ---
2026-01-11T14:01:39.467+01:00  INFO 17940 --- [sapo_leyendo] [           main] HTTP_LOG                                 : ts=2026-01-11T13:01:39.467471Z user=admin method=POST path=/api/returns/rma query=null status=200 durationMs=4 reqHeaders={} reqBody= resHeaders={Vary=Origin, Content-Type=application/json} resBody={"id":1,"outboundOrder":{"id":4,"referenceNumber":"OUT-1768136499319-574","status":"SHIPPED","shipDate":"2026-01-13T14:01:39","destination":"Warszawa, ul. Testowa 123","createdAt":"2026-01-11T14:01:39","items":10,"orderNumber":"OUT-1768136499319-574","total":79999.9,"date":"2026-01-11","priority":"Medium","customer":null},"customerReason":"Produkt uszkodzony podczas transportu","status":"PENDING","trackingNumberIn":null,"createdAt":"2026-01-11T14:01:39.464483","returnItems":null}

MockHttpServletRequest:
      HTTP Method = POST
      Request URI = /api/returns/rma
       Parameters = {outboundOrderId=[4], reason=[Produkt uszkodzony podczas transportu]}
          Headers = []
             Body = null
    Session Attrs = {SPRING_SECURITY_CONTEXT=SecurityContextImpl [Authentication=UsernamePasswordAuthenticationToken [Principal=org.springframework.security.core.userdetails.User [Username=admin, Password=[PROTECTED], Enabled=true, AccountNonExpired=true, CredentialsNonExpired=true, AccountNonLocked=true, Granted Authorities=[ROLE_ADMIN]], Credentials=[PROTECTED], Authenticated=true, Details=null, Granted Authorities=[ROLE_ADMIN]]]}

Handler:
             Type = com.mycompany.sapo_leyendo.controller.ReturnsController
           Method = com.mycompany.sapo_leyendo.controller.ReturnsController#createRmaRequest(Integer, String)

Async:
    Async started = false
     Async result = null

Resolved Exception:
             Type = null

ModelAndView:
        View name = null
             View = null
            Model = null

FlashMap:
       Attributes = null

MockHttpServletResponse:
           Status = 200
    Error message = null
          Headers = [Vary:"Origin", "Access-Control-Request-Method", "Access-Control-Request-Headers", Content-Length:"484", Content-Type:"application/json", X-Content-Type-Options:"nosniff", X-XSS-Protection:"0", Cache-Control:"no-cache, no-store, max-age=0, must-revalidate", Pragma:"no-cache", Expires:"0", X-Frame-Options:"DENY"]
     Content type = application/json
             Body = {"id":1,"outboundOrder":{"id":4,"referenceNumber":"OUT-1768136499319-574","status":"SHIPPED","shipDate":"2026-01-13T14:01:39","destination":"Warszawa, ul. Testowa 123","createdAt":"2026-01-11T14:01:39","items":10,"orderNumber":"OUT-1768136499319-574","total":79999.9,"date":"2026-01-11","priority":"Medium","customer":null},"customerReason":"Produkt uszkodzony podczas transportu","status":"PENDING","trackingNumberIn":null,"createdAt":"2026-01-11T14:01:39.464483","returnItems":null}
    Forwarded URL = null
   Redirected URL = null
          Cookies = []
✓ Utworzono zgłoszenie RMA ID: 1
  Powód: Produkt uszkodzony podczas transportu
  Status: PENDING
]]></system-out>
  </testcase>
  <testcase name="phase9b_receiveReturn" classname="com.mycompany.sapo_leyendo.integration.ProductLifecycleIntegrationTest" time="0.008">
    <system-out><![CDATA[2026-01-11T14:01:39.476+01:00  INFO 17940 --- [sapo_leyendo] [           main] HTTP_LOG                                 : ts=2026-01-11T13:01:39.476239900Z user=admin method=POST path=/api/returns/receive/1 query=null status=200 durationMs=5 reqHeaders={} reqBody= resHeaders={Vary=Origin, Content-Type=application/json} resBody={"id":1,"outboundOrder":{"id":4,"referenceNumber":"OUT-1768136499319-574","status":"SHIPPED","shipDate":"2026-01-13T14:01:39","destination":"Warszawa, ul. Testowa 123","createdAt":"2026-01-11T14:01:39","items":10,"orderNumber":"OUT-1768136499319-574","total":79999.9,"date":"2026-01-11","priority":"Medium","customer":null},"customerReason":"Produkt uszkodzony podczas transportu","status":"RECEIVED","trackingNumberIn":"RETURN-123456","createdAt":"2026-01-11T14:01:39","returnItems":[]}

MockHttpServletRequest:
      HTTP Method = POST
      Request URI = /api/returns/receive/1
       Parameters = {trackingNumber=[RETURN-123456]}
          Headers = []
             Body = null
    Session Attrs = {SPRING_SECURITY_CONTEXT=SecurityContextImpl [Authentication=UsernamePasswordAuthenticationToken [Principal=org.springframework.security.core.userdetails.User [Username=admin, Password=[PROTECTED], Enabled=true, AccountNonExpired=true, CredentialsNonExpired=true, AccountNonLocked=true, Granted Authorities=[ROLE_ADMIN]], Credentials=[PROTECTED], Authenticated=true, Details=null, Granted Authorities=[ROLE_ADMIN]]]}

Handler:
             Type = com.mycompany.sapo_leyendo.controller.ReturnsController
           Method = com.mycompany.sapo_leyendo.controller.ReturnsController#receiveReturn(Integer, String)

Async:
    Async started = false
     Async result = null

Resolved Exception:
             Type = null

ModelAndView:
        View name = null
             View = null
            Model = null

FlashMap:
       Attributes = null

MockHttpServletResponse:
           Status = 200
    Error message = null
          Headers = [Vary:"Origin", "Access-Control-Request-Method", "Access-Control-Request-Headers", Content-Length:"487", Content-Type:"application/json", X-Content-Type-Options:"nosniff", X-XSS-Protection:"0", Cache-Control:"no-cache, no-store, max-age=0, must-revalidate", Pragma:"no-cache", Expires:"0", X-Frame-Options:"DENY"]
     Content type = application/json
             Body = {"id":1,"outboundOrder":{"id":4,"referenceNumber":"OUT-1768136499319-574","status":"SHIPPED","shipDate":"2026-01-13T14:01:39","destination":"Warszawa, ul. Testowa 123","createdAt":"2026-01-11T14:01:39","items":10,"orderNumber":"OUT-1768136499319-574","total":79999.9,"date":"2026-01-11","priority":"Medium","customer":null},"customerReason":"Produkt uszkodzony podczas transportu","status":"RECEIVED","trackingNumberIn":"RETURN-123456","createdAt":"2026-01-11T14:01:39","returnItems":[]}
    Forwarded URL = null
   Redirected URL = null
          Cookies = []
✓ Zwrot przyjęty
  Numer śledzenia: RETURN-123456
  Status: RECEIVED
]]></system-out>
  </testcase>
  <testcase name="phase9c_gradeItem" classname="com.mycompany.sapo_leyendo.integration.ProductLifecycleIntegrationTest" time="0.011">
    <system-out><![CDATA[2026-01-11T14:01:39.486+01:00  INFO 17940 --- [sapo_leyendo] [           main] HTTP_LOG                                 : ts=2026-01-11T13:01:39.486752300Z user=admin method=POST path=/api/returns/grade/1 query=null status=200 durationMs=7 reqHeaders={} reqBody= resHeaders={Vary=Origin, Content-Type=application/json} resBody={"id":1,"product":{"id":16,"sku":"TEST-LAPTOP-001","name":"Laptop Dell XPS 15 Test","description":"Laptop testowy do cyklu życia","idBaseUom":1,"weightKg":null,"lengthCm":null,"widthCm":null,"heightCm":null,"unitPrice":null,"minStockLevel":0,"price":null,"category":null},"serialNumber":null,"gradingStatus":"GRADE_B","disposition":"REFURBISH","inspectorComment":"Lekkie zarysowania obudowy"}

MockHttpServletRequest:
      HTTP Method = POST
      Request URI = /api/returns/grade/1
       Parameters = {productId=[16], grade=[GRADE_B], comment=[Lekkie zarysowania obudowy]}
          Headers = []
             Body = null
    Session Attrs = {SPRING_SECURITY_CONTEXT=SecurityContextImpl [Authentication=UsernamePasswordAuthenticationToken [Principal=org.springframework.security.core.userdetails.User [Username=admin, Password=[PROTECTED], Enabled=true, AccountNonExpired=true, CredentialsNonExpired=true, AccountNonLocked=true, Granted Authorities=[ROLE_ADMIN]], Credentials=[PROTECTED], Authenticated=true, Details=null, Granted Authorities=[ROLE_ADMIN]]]}

Handler:
             Type = com.mycompany.sapo_leyendo.controller.ReturnsController
           Method = com.mycompany.sapo_leyendo.controller.ReturnsController#gradeItem(Integer, Integer, GradingStatus, String)

Async:
    Async started = false
     Async result = null

Resolved Exception:
             Type = null

ModelAndView:
        View name = null
             View = null
            Model = null

FlashMap:
       Attributes = null

MockHttpServletResponse:
           Status = 200
    Error message = null
          Headers = [Vary:"Origin", "Access-Control-Request-Method", "Access-Control-Request-Headers", Content-Length:"393", Content-Type:"application/json", X-Content-Type-Options:"nosniff", X-XSS-Protection:"0", Cache-Control:"no-cache, no-store, max-age=0, must-revalidate", Pragma:"no-cache", Expires:"0", X-Frame-Options:"DENY"]
     Content type = application/json
             Body = {"id":1,"product":{"id":16,"sku":"TEST-LAPTOP-001","name":"Laptop Dell XPS 15 Test","description":"Laptop testowy do cyklu życia","idBaseUom":1,"weightKg":null,"lengthCm":null,"widthCm":null,"heightCm":null,"unitPrice":null,"minStockLevel":0,"price":null,"category":null},"serialNumber":null,"gradingStatus":"GRADE_B","disposition":"REFURBISH","inspectorComment":"Lekkie zarysowania obudowy"}
    Forwarded URL = null
   Redirected URL = null
          Cookies = []
✓ Towar oceniony
  Ocena: GRADE_B
  Dyspozycja: REFURBISH
  Komentarz: Lekkie zarysowania obudowy
]]></system-out>
  </testcase>
  <testcase name="phase10_summary" classname="com.mycompany.sapo_leyendo.integration.ProductLifecycleIntegrationTest" time="0.002">
    <system-out><![CDATA[
========================================
  PODSUMOWANIE CYKLU ŻYCIA PRODUKTU
========================================

1. PRODUKT
   ID: 16

2. INBOUND
   Order ID: 3
   Item ID: 4

3. QC
   Inspection ID: 1

4. INVENTORY
   Inventory ID: 5

5. OUTBOUND
   Order ID: 4
   Item ID: 5

6. PICKING
   Wave ID: 1

7. PACKING
   Shipment ID: 2
   Parcel ID: 1

8. SHIPPING
   Load ID: 1

9. RETURNS
   RMA ID: 1

✅ CYKL ŻYCIA PRODUKTU ZAKOŃCZONY POMYŚLNIE!
========================================

]]></system-out>
  </testcase>
</testsuite>